CRITICAL - 2025-04-10 12:32:35 --> ErrorException: Undefined variable $titulo
[Method: GET, Route: nosotros]
in APPPATH\Views\plantillas\header_view.php on line 14.
 1 APPPATH\Views\plantillas\header_view.php(14): CodeIgniter\Debug\Exceptions->errorHandler(2, 'Undefined variable $titulo', 'C:\\xampp\\htdocs\\proyecto_RodriguezAntorena_Milo\\app\\Views\\plantillas\\header_view.php', 14)
 2 SYSTEMPATH\View\View.php(224): include('C:\\xampp\\htdocs\\proyecto_RodriguezAntorena_Milo\\app\\Views\\plantillas\\header_view.php')
 3 SYSTEMPATH\View\View.php(227): CodeIgniter\View\View->CodeIgniter\View\{closure}()
 4 SYSTEMPATH\Common.php(1173): CodeIgniter\View\View->render('Views/plantillas/header_view.php', [], true)
 5 APPPATH\Controllers\Home.php(16): view('Views/plantillas/header_view.php')
 6 SYSTEMPATH\CodeIgniter.php(933): App\Controllers\Home->somos()
 7 SYSTEMPATH\CodeIgniter.php(507): CodeIgniter\CodeIgniter->runController(Object(App\Controllers\Home))
 8 SYSTEMPATH\CodeIgniter.php(354): CodeIgniter\CodeIgniter->handleRequest(null, Object(Config\Cache), false)
 9 SYSTEMPATH\Boot.php(334): CodeIgniter\CodeIgniter->run()
10 SYSTEMPATH\Boot.php(67): CodeIgniter\Boot::runCodeIgniter(Object(CodeIgniter\CodeIgniter))
11 FCPATH\index.php(56): CodeIgniter\Boot::bootWeb(Object(Config\Paths))
CRITICAL - 2025-04-10 12:35:23 --> ErrorException: Undefined variable $titulo
[Method: GET, Route: nosotros]
in APPPATH\Views\plantillas\header_view.php on line 14.
 1 APPPATH\Views\plantillas\header_view.php(14): CodeIgniter\Debug\Exceptions->errorHandler(2, 'Undefined variable $titulo', 'C:\\xampp\\htdocs\\proyecto_RodriguezAntorena_Milo\\app\\Views\\plantillas\\header_view.php', 14)
 2 SYSTEMPATH\View\View.php(224): include('C:\\xampp\\htdocs\\proyecto_RodriguezAntorena_Milo\\app\\Views\\plantillas\\header_view.php')
 3 SYSTEMPATH\View\View.php(227): CodeIgniter\View\View->CodeIgniter\View\{closure}()
 4 SYSTEMPATH\Common.php(1173): CodeIgniter\View\View->render('Views/plantillas/header_view.php', [], true)
 5 APPPATH\Controllers\Home.php(16): view('Views/plantillas/header_view.php')
 6 SYSTEMPATH\CodeIgniter.php(933): App\Controllers\Home->somos()
 7 SYSTEMPATH\CodeIgniter.php(507): CodeIgniter\CodeIgniter->runController(Object(App\Controllers\Home))
 8 SYSTEMPATH\CodeIgniter.php(354): CodeIgniter\CodeIgniter->handleRequest(null, Object(Config\Cache), false)
 9 SYSTEMPATH\Boot.php(334): CodeIgniter\CodeIgniter->run()
10 SYSTEMPATH\Boot.php(67): CodeIgniter\Boot::runCodeIgniter(Object(CodeIgniter\CodeIgniter))
11 FCPATH\index.php(56): CodeIgniter\Boot::bootWeb(Object(Config\Paths))
CRITICAL - 2025-04-10 12:50:21 --> ErrorException: Undefined variable $titulo
[Method: GET, Route: comercializacion]
in APPPATH\Views\plantillas\header_view.php on line 14.
 1 APPPATH\Views\plantillas\header_view.php(14): CodeIgniter\Debug\Exceptions->errorHandler(2, 'Undefined variable $titulo', 'C:\\xampp\\htdocs\\proyecto_RodriguezAntorena_Milo\\app\\Views\\plantillas\\header_view.php', 14)
 2 SYSTEMPATH\View\View.php(224): include('C:\\xampp\\htdocs\\proyecto_RodriguezAntorena_Milo\\app\\Views\\plantillas\\header_view.php')
 3 SYSTEMPATH\View\View.php(227): CodeIgniter\View\View->CodeIgniter\View\{closure}()
 4 SYSTEMPATH\Common.php(1173): CodeIgniter\View\View->render('Views/plantillas/header_view.php', [], true)
 5 APPPATH\Controllers\Home.php(28): view('Views/plantillas/header_view.php')
 6 SYSTEMPATH\CodeIgniter.php(933): App\Controllers\Home->comerc()
 7 SYSTEMPATH\CodeIgniter.php(507): CodeIgniter\CodeIgniter->runController(Object(App\Controllers\Home))
 8 SYSTEMPATH\CodeIgniter.php(354): CodeIgniter\CodeIgniter->handleRequest(null, Object(Config\Cache), false)
 9 SYSTEMPATH\Boot.php(334): CodeIgniter\CodeIgniter->run()
10 SYSTEMPATH\Boot.php(67): CodeIgniter\Boot::runCodeIgniter(Object(CodeIgniter\CodeIgniter))
11 FCPATH\index.php(56): CodeIgniter\Boot::bootWeb(Object(Config\Paths))
CRITICAL - 2025-04-10 12:52:43 --> ErrorException: Undefined variable $titulo
[Method: GET, Route: comercializacion]
in APPPATH\Views\plantillas\header_view.php on line 14.
 1 APPPATH\Views\plantillas\header_view.php(14): CodeIgniter\Debug\Exceptions->errorHandler(2, 'Undefined variable $titulo', 'C:\\xampp\\htdocs\\proyecto_RodriguezAntorena_Milo\\app\\Views\\plantillas\\header_view.php', 14)
 2 SYSTEMPATH\View\View.php(224): include('C:\\xampp\\htdocs\\proyecto_RodriguezAntorena_Milo\\app\\Views\\plantillas\\header_view.php')
 3 SYSTEMPATH\View\View.php(227): CodeIgniter\View\View->CodeIgniter\View\{closure}()
 4 SYSTEMPATH\Common.php(1173): CodeIgniter\View\View->render('Views/plantillas/header_view.php', [], true)
 5 APPPATH\Controllers\Home.php(31): view('Views/plantillas/header_view.php')
 6 SYSTEMPATH\CodeIgniter.php(933): App\Controllers\Home->comerc()
 7 SYSTEMPATH\CodeIgniter.php(507): CodeIgniter\CodeIgniter->runController(Object(App\Controllers\Home))
 8 SYSTEMPATH\CodeIgniter.php(354): CodeIgniter\CodeIgniter->handleRequest(null, Object(Config\Cache), false)
 9 SYSTEMPATH\Boot.php(334): CodeIgniter\CodeIgniter->run()
10 SYSTEMPATH\Boot.php(67): CodeIgniter\Boot::runCodeIgniter(Object(CodeIgniter\CodeIgniter))
11 FCPATH\index.php(56): CodeIgniter\Boot::bootWeb(Object(Config\Paths))
CRITICAL - 2025-04-10 12:53:00 --> ErrorException: Undefined variable $titulo
[Method: GET, Route: comercializacion]
in APPPATH\Views\plantillas\header_view.php on line 14.
 1 APPPATH\Views\plantillas\header_view.php(14): CodeIgniter\Debug\Exceptions->errorHandler(2, 'Undefined variable $titulo', 'C:\\xampp\\htdocs\\proyecto_RodriguezAntorena_Milo\\app\\Views\\plantillas\\header_view.php', 14)
 2 SYSTEMPATH\View\View.php(224): include('C:\\xampp\\htdocs\\proyecto_RodriguezAntorena_Milo\\app\\Views\\plantillas\\header_view.php')
 3 SYSTEMPATH\View\View.php(227): CodeIgniter\View\View->CodeIgniter\View\{closure}()
 4 SYSTEMPATH\Common.php(1173): CodeIgniter\View\View->render('Views/plantillas/header_view.php', [], true)
 5 APPPATH\Controllers\Home.php(31): view('Views/plantillas/header_view.php')
 6 SYSTEMPATH\CodeIgniter.php(933): App\Controllers\Home->comerc()
 7 SYSTEMPATH\CodeIgniter.php(507): CodeIgniter\CodeIgniter->runController(Object(App\Controllers\Home))
 8 SYSTEMPATH\CodeIgniter.php(354): CodeIgniter\CodeIgniter->handleRequest(null, Object(Config\Cache), false)
 9 SYSTEMPATH\Boot.php(334): CodeIgniter\CodeIgniter->run()
10 SYSTEMPATH\Boot.php(67): CodeIgniter\Boot::runCodeIgniter(Object(CodeIgniter\CodeIgniter))
11 FCPATH\index.php(56): CodeIgniter\Boot::bootWeb(Object(Config\Paths))
CRITICAL - 2025-04-10 12:53:03 --> ErrorException: Undefined variable $titulo
[Method: GET, Route: comercializacion]
in APPPATH\Views\plantillas\header_view.php on line 14.
 1 APPPATH\Views\plantillas\header_view.php(14): CodeIgniter\Debug\Exceptions->errorHandler(2, 'Undefined variable $titulo', 'C:\\xampp\\htdocs\\proyecto_RodriguezAntorena_Milo\\app\\Views\\plantillas\\header_view.php', 14)
 2 SYSTEMPATH\View\View.php(224): include('C:\\xampp\\htdocs\\proyecto_RodriguezAntorena_Milo\\app\\Views\\plantillas\\header_view.php')
 3 SYSTEMPATH\View\View.php(227): CodeIgniter\View\View->CodeIgniter\View\{closure}()
 4 SYSTEMPATH\Common.php(1173): CodeIgniter\View\View->render('Views/plantillas/header_view.php', [], true)
 5 APPPATH\Controllers\Home.php(31): view('Views/plantillas/header_view.php')
 6 SYSTEMPATH\CodeIgniter.php(933): App\Controllers\Home->comerc()
 7 SYSTEMPATH\CodeIgniter.php(507): CodeIgniter\CodeIgniter->runController(Object(App\Controllers\Home))
 8 SYSTEMPATH\CodeIgniter.php(354): CodeIgniter\CodeIgniter->handleRequest(null, Object(Config\Cache), false)
 9 SYSTEMPATH\Boot.php(334): CodeIgniter\CodeIgniter->run()
10 SYSTEMPATH\Boot.php(67): CodeIgniter\Boot::runCodeIgniter(Object(CodeIgniter\CodeIgniter))
11 FCPATH\index.php(56): CodeIgniter\Boot::bootWeb(Object(Config\Paths))
CRITICAL - 2025-04-10 12:54:03 --> CodeIgniter\View\Exceptions\ViewException: Invalid file: "Views/contenido/uso_term_view.php"
[Method: GET, Route: terminos]
in SYSTEMPATH\Exceptions\FrameworkException.php on line 39.
 1 SYSTEMPATH\View\View.php(212): CodeIgniter\Exceptions\FrameworkException::forInvalidFile('Views/contenido/uso_term_view.php')
 2 SYSTEMPATH\Common.php(1173): CodeIgniter\View\View->render('Views/contenido/uso_term_view.php', [], true)
 3 APPPATH\Controllers\Home.php(45): view('Views/contenido/uso_term_view.php')
 4 SYSTEMPATH\CodeIgniter.php(933): App\Controllers\Home->termUso()
 5 SYSTEMPATH\CodeIgniter.php(507): CodeIgniter\CodeIgniter->runController(Object(App\Controllers\Home))
 6 SYSTEMPATH\CodeIgniter.php(354): CodeIgniter\CodeIgniter->handleRequest(null, Object(Config\Cache), false)
 7 SYSTEMPATH\Boot.php(334): CodeIgniter\CodeIgniter->run()
 8 SYSTEMPATH\Boot.php(67): CodeIgniter\Boot::runCodeIgniter(Object(CodeIgniter\CodeIgniter))
 9 FCPATH\index.php(56): CodeIgniter\Boot::bootWeb(Object(Config\Paths))
