DEBUG - 2025-06-14 18:34:36 --> Session: Class initialized using 'CodeIgniter\Session\Handlers\FileHandler' driver.
DEBUG - 2025-06-14 18:34:42 --> Session: Class initialized using 'CodeIgniter\Session\Handlers\FileHandler' driver.
DEBUG - 2025-06-14 18:39:43 --> Session: Class initialized using 'CodeIgniter\Session\Handlers\FileHandler' driver.
CRITICAL - 2025-06-14 18:39:43 --> ErrorException: Undefined variable $productos
[Method: GET, Route: productos]
in APPPATH\Views\contenido\catalogo_view.php on line 25.
 1 APPPATH\Views\contenido\catalogo_view.php(25): CodeIgniter\Debug\Exceptions->errorHandler(2, 'Undefined variable $productos', 'C:\\xampp\\htdocs\\proyecto_RodriguezAntorena_Soto\\app\\Views\\contenido\\catalogo_view.php', 25)
 2 SYSTEMPATH\View\View.php(224): include('C:\\xampp\\htdocs\\proyecto_RodriguezAntorena_Soto\\app\\Views\\contenido\\catalogo_view.php')
 3 SYSTEMPATH\View\View.php(227): CodeIgniter\View\View->CodeIgniter\View\{closure}()
 4 SYSTEMPATH\Common.php(1173): CodeIgniter\View\View->render('Views/contenido/catalogo_view.php', [], true)
 5 APPPATH\Controllers\Home.php(24): view('Views/contenido/catalogo_view.php')
 6 SYSTEMPATH\CodeIgniter.php(933): App\Controllers\Home->productos()
 7 SYSTEMPATH\CodeIgniter.php(507): CodeIgniter\CodeIgniter->runController(Object(App\Controllers\Home))
 8 SYSTEMPATH\CodeIgniter.php(354): CodeIgniter\CodeIgniter->handleRequest(null, Object(Config\Cache), false)
 9 SYSTEMPATH\Boot.php(334): CodeIgniter\CodeIgniter->run()
10 SYSTEMPATH\Boot.php(67): CodeIgniter\Boot::runCodeIgniter(Object(CodeIgniter\CodeIgniter))
11 FCPATH\index.php(56): CodeIgniter\Boot::bootWeb(Object(Config\Paths))
DEBUG - 2025-06-14 18:42:59 --> Session: Class initialized using 'CodeIgniter\Session\Handlers\FileHandler' driver.
CRITICAL - 2025-06-14 18:42:59 --> ErrorException: Undefined variable $producto
[Method: GET, Route: productos]
in APPPATH\Views\contenido\catalogo_view.php on line 25.
 1 APPPATH\Views\contenido\catalogo_view.php(25): CodeIgniter\Debug\Exceptions->errorHandler(2, 'Undefined variable $producto', 'C:\\xampp\\htdocs\\proyecto_RodriguezAntorena_Soto\\app\\Views\\contenido\\catalogo_view.php', 25)
 2 SYSTEMPATH\View\View.php(224): include('C:\\xampp\\htdocs\\proyecto_RodriguezAntorena_Soto\\app\\Views\\contenido\\catalogo_view.php')
 3 SYSTEMPATH\View\View.php(227): CodeIgniter\View\View->CodeIgniter\View\{closure}()
 4 SYSTEMPATH\Common.php(1173): CodeIgniter\View\View->render('Views/contenido/catalogo_view.php', [], true)
 5 APPPATH\Controllers\Home.php(24): view('Views/contenido/catalogo_view.php')
 6 SYSTEMPATH\CodeIgniter.php(933): App\Controllers\Home->productos()
 7 SYSTEMPATH\CodeIgniter.php(507): CodeIgniter\CodeIgniter->runController(Object(App\Controllers\Home))
 8 SYSTEMPATH\CodeIgniter.php(354): CodeIgniter\CodeIgniter->handleRequest(null, Object(Config\Cache), false)
 9 SYSTEMPATH\Boot.php(334): CodeIgniter\CodeIgniter->run()
10 SYSTEMPATH\Boot.php(67): CodeIgniter\Boot::runCodeIgniter(Object(CodeIgniter\CodeIgniter))
11 FCPATH\index.php(56): CodeIgniter\Boot::bootWeb(Object(Config\Paths))
DEBUG - 2025-06-14 19:30:12 --> Session: Class initialized using 'CodeIgniter\Session\Handlers\FileHandler' driver.
CRITICAL - 2025-06-14 19:30:12 --> ErrorException: Undefined variable $producto
[Method: GET, Route: productos]
in APPPATH\Views\contenido\catalogo_view.php on line 25.
 1 APPPATH\Views\contenido\catalogo_view.php(25): CodeIgniter\Debug\Exceptions->errorHandler(2, 'Undefined variable $producto', 'C:\\xampp\\htdocs\\proyecto_RodriguezAntorena_Soto\\app\\Views\\contenido\\catalogo_view.php', 25)
 2 SYSTEMPATH\View\View.php(224): include('C:\\xampp\\htdocs\\proyecto_RodriguezAntorena_Soto\\app\\Views\\contenido\\catalogo_view.php')
 3 SYSTEMPATH\View\View.php(227): CodeIgniter\View\View->CodeIgniter\View\{closure}()
 4 SYSTEMPATH\Common.php(1173): CodeIgniter\View\View->render('Views/contenido/catalogo_view.php', [], true)
 5 APPPATH\Controllers\Home.php(24): view('Views/contenido/catalogo_view.php')
 6 SYSTEMPATH\CodeIgniter.php(933): App\Controllers\Home->productos()
 7 SYSTEMPATH\CodeIgniter.php(507): CodeIgniter\CodeIgniter->runController(Object(App\Controllers\Home))
 8 SYSTEMPATH\CodeIgniter.php(354): CodeIgniter\CodeIgniter->handleRequest(null, Object(Config\Cache), false)
 9 SYSTEMPATH\Boot.php(334): CodeIgniter\CodeIgniter->run()
10 SYSTEMPATH\Boot.php(67): CodeIgniter\Boot::runCodeIgniter(Object(CodeIgniter\CodeIgniter))
11 FCPATH\index.php(56): CodeIgniter\Boot::bootWeb(Object(Config\Paths))
DEBUG - 2025-06-14 19:30:41 --> Session: Class initialized using 'CodeIgniter\Session\Handlers\FileHandler' driver.
DEBUG - 2025-06-14 19:30:45 --> Session: Class initialized using 'CodeIgniter\Session\Handlers\FileHandler' driver.
DEBUG - 2025-06-14 19:31:48 --> Session: Class initialized using 'CodeIgniter\Session\Handlers\FileHandler' driver.
CRITICAL - 2025-06-14 19:31:49 --> CodeIgniter\View\Exceptions\ViewException: Invalid file: "contenidoAdm/catalogo_view.php"
[Method: GET, Route: lista_productos]
in SYSTEMPATH\Exceptions\FrameworkException.php on line 39.
 1 SYSTEMPATH\View\View.php(212): CodeIgniter\Exceptions\FrameworkException::forInvalidFile('contenidoAdm/catalogo_view.php')
 2 SYSTEMPATH\Common.php(1173): CodeIgniter\View\View->render('contenidoAdm/catalogo_view.php', [], true)
 3 APPPATH\Controllers\ProductosController.php(225): view('contenidoAdm/catalogo_view.php')
 4 SYSTEMPATH\CodeIgniter.php(933): App\Controllers\ProductosController->listar_productos()
 5 SYSTEMPATH\CodeIgniter.php(507): CodeIgniter\CodeIgniter->runController(Object(App\Controllers\ProductosController))
 6 SYSTEMPATH\CodeIgniter.php(354): CodeIgniter\CodeIgniter->handleRequest(null, Object(Config\Cache), false)
 7 SYSTEMPATH\Boot.php(334): CodeIgniter\CodeIgniter->run()
 8 SYSTEMPATH\Boot.php(67): CodeIgniter\Boot::runCodeIgniter(Object(CodeIgniter\CodeIgniter))
 9 FCPATH\index.php(56): CodeIgniter\Boot::bootWeb(Object(Config\Paths))
DEBUG - 2025-06-14 19:32:19 --> Session: Class initialized using 'CodeIgniter\Session\Handlers\FileHandler' driver.
CRITICAL - 2025-06-14 19:32:19 --> ErrorException: Undefined array key "producto_categorias"
[Method: GET, Route: lista_productos]
in APPPATH\Views\contenido\catalogo_view.php on line 26.
 1 APPPATH\Views\contenido\catalogo_view.php(26): CodeIgniter\Debug\Exceptions->errorHandler(2, 'Undefined array key "producto_categorias"', 'C:\\xampp\\htdocs\\proyecto_RodriguezAntorena_Soto\\app\\Views\\contenido\\catalogo_view.php', 26)
 2 SYSTEMPATH\View\View.php(224): include('C:\\xampp\\htdocs\\proyecto_RodriguezAntorena_Soto\\app\\Views\\contenido\\catalogo_view.php')
 3 SYSTEMPATH\View\View.php(227): CodeIgniter\View\View->CodeIgniter\View\{closure}()
 4 SYSTEMPATH\Common.php(1173): CodeIgniter\View\View->render('contenido/catalogo_view.php', [], true)
 5 APPPATH\Controllers\ProductosController.php(225): view('contenido/catalogo_view.php')
 6 SYSTEMPATH\CodeIgniter.php(933): App\Controllers\ProductosController->listar_productos()
 7 SYSTEMPATH\CodeIgniter.php(507): CodeIgniter\CodeIgniter->runController(Object(App\Controllers\ProductosController))
 8 SYSTEMPATH\CodeIgniter.php(354): CodeIgniter\CodeIgniter->handleRequest(null, Object(Config\Cache), false)
 9 SYSTEMPATH\Boot.php(334): CodeIgniter\CodeIgniter->run()
10 SYSTEMPATH\Boot.php(67): CodeIgniter\Boot::runCodeIgniter(Object(CodeIgniter\CodeIgniter))
11 FCPATH\index.php(56): CodeIgniter\Boot::bootWeb(Object(Config\Paths))
DEBUG - 2025-06-14 19:36:50 --> Session: Class initialized using 'CodeIgniter\Session\Handlers\FileHandler' driver.
CRITICAL - 2025-06-14 19:36:50 --> ErrorException: Undefined array key "categoria.producto"
[Method: GET, Route: lista_productos]
in APPPATH\Views\contenido\catalogo_view.php on line 63.
 1 APPPATH\Views\contenido\catalogo_view.php(63): CodeIgniter\Debug\Exceptions->errorHandler(2, 'Undefined array key "categoria.producto"', 'C:\\xampp\\htdocs\\proyecto_RodriguezAntorena_Soto\\app\\Views\\contenido\\catalogo_view.php', 63)
 2 SYSTEMPATH\View\View.php(224): include('C:\\xampp\\htdocs\\proyecto_RodriguezAntorena_Soto\\app\\Views\\contenido\\catalogo_view.php')
 3 SYSTEMPATH\View\View.php(227): CodeIgniter\View\View->CodeIgniter\View\{closure}()
 4 SYSTEMPATH\Common.php(1173): CodeIgniter\View\View->render('contenido/catalogo_view.php', [], true)
 5 APPPATH\Controllers\ProductosController.php(225): view('contenido/catalogo_view.php')
 6 SYSTEMPATH\CodeIgniter.php(933): App\Controllers\ProductosController->listar_productos()
 7 SYSTEMPATH\CodeIgniter.php(507): CodeIgniter\CodeIgniter->runController(Object(App\Controllers\ProductosController))
 8 SYSTEMPATH\CodeIgniter.php(354): CodeIgniter\CodeIgniter->handleRequest(null, Object(Config\Cache), false)
 9 SYSTEMPATH\Boot.php(334): CodeIgniter\CodeIgniter->run()
10 SYSTEMPATH\Boot.php(67): CodeIgniter\Boot::runCodeIgniter(Object(CodeIgniter\CodeIgniter))
11 FCPATH\index.php(56): CodeIgniter\Boot::bootWeb(Object(Config\Paths))
DEBUG - 2025-06-14 19:37:03 --> Session: Class initialized using 'CodeIgniter\Session\Handlers\FileHandler' driver.
DEBUG - 2025-06-14 19:43:31 --> Session: Class initialized using 'CodeIgniter\Session\Handlers\FileHandler' driver.
CRITICAL - 2025-06-14 19:43:32 --> ErrorException: Undefined array key "categoria.producto"
[Method: GET, Route: lista_productos]
in APPPATH\Views\contenido\catalogo_view.php on line 64.
 1 APPPATH\Views\contenido\catalogo_view.php(64): CodeIgniter\Debug\Exceptions->errorHandler(2, 'Undefined array key "categoria.producto"', 'C:\\xampp\\htdocs\\proyecto_RodriguezAntorena_Soto\\app\\Views\\contenido\\catalogo_view.php', 64)
 2 SYSTEMPATH\View\View.php(224): include('C:\\xampp\\htdocs\\proyecto_RodriguezAntorena_Soto\\app\\Views\\contenido\\catalogo_view.php')
 3 SYSTEMPATH\View\View.php(227): CodeIgniter\View\View->CodeIgniter\View\{closure}()
 4 SYSTEMPATH\Common.php(1173): CodeIgniter\View\View->render('contenido/catalogo_view.php', [], true)
 5 APPPATH\Controllers\ProductosController.php(225): view('contenido/catalogo_view.php')
 6 SYSTEMPATH\CodeIgniter.php(933): App\Controllers\ProductosController->listar_productos()
 7 SYSTEMPATH\CodeIgniter.php(507): CodeIgniter\CodeIgniter->runController(Object(App\Controllers\ProductosController))
 8 SYSTEMPATH\CodeIgniter.php(354): CodeIgniter\CodeIgniter->handleRequest(null, Object(Config\Cache), false)
 9 SYSTEMPATH\Boot.php(334): CodeIgniter\CodeIgniter->run()
10 SYSTEMPATH\Boot.php(67): CodeIgniter\Boot::runCodeIgniter(Object(CodeIgniter\CodeIgniter))
11 FCPATH\index.php(56): CodeIgniter\Boot::bootWeb(Object(Config\Paths))
DEBUG - 2025-06-14 19:43:50 --> Session: Class initialized using 'CodeIgniter\Session\Handlers\FileHandler' driver.
CRITICAL - 2025-06-14 19:43:51 --> ErrorException: Undefined array key "categoria_producto"
[Method: GET, Route: lista_productos]
in APPPATH\Views\contenido\catalogo_view.php on line 64.
 1 APPPATH\Views\contenido\catalogo_view.php(64): CodeIgniter\Debug\Exceptions->errorHandler(2, 'Undefined array key "categoria_producto"', 'C:\\xampp\\htdocs\\proyecto_RodriguezAntorena_Soto\\app\\Views\\contenido\\catalogo_view.php', 64)
 2 SYSTEMPATH\View\View.php(224): include('C:\\xampp\\htdocs\\proyecto_RodriguezAntorena_Soto\\app\\Views\\contenido\\catalogo_view.php')
 3 SYSTEMPATH\View\View.php(227): CodeIgniter\View\View->CodeIgniter\View\{closure}()
 4 SYSTEMPATH\Common.php(1173): CodeIgniter\View\View->render('contenido/catalogo_view.php', [], true)
 5 APPPATH\Controllers\ProductosController.php(225): view('contenido/catalogo_view.php')
 6 SYSTEMPATH\CodeIgniter.php(933): App\Controllers\ProductosController->listar_productos()
 7 SYSTEMPATH\CodeIgniter.php(507): CodeIgniter\CodeIgniter->runController(Object(App\Controllers\ProductosController))
 8 SYSTEMPATH\CodeIgniter.php(354): CodeIgniter\CodeIgniter->handleRequest(null, Object(Config\Cache), false)
 9 SYSTEMPATH\Boot.php(334): CodeIgniter\CodeIgniter->run()
10 SYSTEMPATH\Boot.php(67): CodeIgniter\Boot::runCodeIgniter(Object(CodeIgniter\CodeIgniter))
11 FCPATH\index.php(56): CodeIgniter\Boot::bootWeb(Object(Config\Paths))
DEBUG - 2025-06-14 19:44:40 --> Session: Class initialized using 'CodeIgniter\Session\Handlers\FileHandler' driver.
CRITICAL - 2025-06-14 19:44:41 --> ErrorException: Undefined array key "imagenproducto"
[Method: GET, Route: lista_productos]
in APPPATH\Views\contenido\catalogo_view.php on line 68.
 1 APPPATH\Views\contenido\catalogo_view.php(68): CodeIgniter\Debug\Exceptions->errorHandler(2, 'Undefined array key "imagenproducto"', 'C:\\xampp\\htdocs\\proyecto_RodriguezAntorena_Soto\\app\\Views\\contenido\\catalogo_view.php', 68)
 2 SYSTEMPATH\View\View.php(224): include('C:\\xampp\\htdocs\\proyecto_RodriguezAntorena_Soto\\app\\Views\\contenido\\catalogo_view.php')
 3 SYSTEMPATH\View\View.php(227): CodeIgniter\View\View->CodeIgniter\View\{closure}()
 4 SYSTEMPATH\Common.php(1173): CodeIgniter\View\View->render('contenido/catalogo_view.php', [], true)
 5 APPPATH\Controllers\ProductosController.php(225): view('contenido/catalogo_view.php')
 6 SYSTEMPATH\CodeIgniter.php(933): App\Controllers\ProductosController->listar_productos()
 7 SYSTEMPATH\CodeIgniter.php(507): CodeIgniter\CodeIgniter->runController(Object(App\Controllers\ProductosController))
 8 SYSTEMPATH\CodeIgniter.php(354): CodeIgniter\CodeIgniter->handleRequest(null, Object(Config\Cache), false)
 9 SYSTEMPATH\Boot.php(334): CodeIgniter\CodeIgniter->run()
10 SYSTEMPATH\Boot.php(67): CodeIgniter\Boot::runCodeIgniter(Object(CodeIgniter\CodeIgniter))
11 FCPATH\index.php(56): CodeIgniter\Boot::bootWeb(Object(Config\Paths))
DEBUG - 2025-06-14 19:44:56 --> Session: Class initialized using 'CodeIgniter\Session\Handlers\FileHandler' driver.
CRITICAL - 2025-06-14 19:44:57 --> ErrorException: Undefined array key "nombreproducto"
[Method: GET, Route: lista_productos]
in APPPATH\Views\contenido\catalogo_view.php on line 70.
 1 APPPATH\Views\contenido\catalogo_view.php(70): CodeIgniter\Debug\Exceptions->errorHandler(2, 'Undefined array key "nombreproducto"', 'C:\\xampp\\htdocs\\proyecto_RodriguezAntorena_Soto\\app\\Views\\contenido\\catalogo_view.php', 70)
 2 SYSTEMPATH\View\View.php(224): include('C:\\xampp\\htdocs\\proyecto_RodriguezAntorena_Soto\\app\\Views\\contenido\\catalogo_view.php')
 3 SYSTEMPATH\View\View.php(227): CodeIgniter\View\View->CodeIgniter\View\{closure}()
 4 SYSTEMPATH\Common.php(1173): CodeIgniter\View\View->render('contenido/catalogo_view.php', [], true)
 5 APPPATH\Controllers\ProductosController.php(225): view('contenido/catalogo_view.php')
 6 SYSTEMPATH\CodeIgniter.php(933): App\Controllers\ProductosController->listar_productos()
 7 SYSTEMPATH\CodeIgniter.php(507): CodeIgniter\CodeIgniter->runController(Object(App\Controllers\ProductosController))
 8 SYSTEMPATH\CodeIgniter.php(354): CodeIgniter\CodeIgniter->handleRequest(null, Object(Config\Cache), false)
 9 SYSTEMPATH\Boot.php(334): CodeIgniter\CodeIgniter->run()
10 SYSTEMPATH\Boot.php(67): CodeIgniter\Boot::runCodeIgniter(Object(CodeIgniter\CodeIgniter))
11 FCPATH\index.php(56): CodeIgniter\Boot::bootWeb(Object(Config\Paths))
DEBUG - 2025-06-14 19:46:03 --> Session: Class initialized using 'CodeIgniter\Session\Handlers\FileHandler' driver.
CRITICAL - 2025-06-14 19:46:03 --> ErrorException: Undefined array key "categoria_producto"
[Method: GET, Route: lista_productos]
in APPPATH\Views\contenido\catalogo_view.php on line 73.
 1 APPPATH\Views\contenido\catalogo_view.php(73): CodeIgniter\Debug\Exceptions->errorHandler(2, 'Undefined array key "categoria_producto"', 'C:\\xampp\\htdocs\\proyecto_RodriguezAntorena_Soto\\app\\Views\\contenido\\catalogo_view.php', 73)
 2 SYSTEMPATH\View\View.php(224): include('C:\\xampp\\htdocs\\proyecto_RodriguezAntorena_Soto\\app\\Views\\contenido\\catalogo_view.php')
 3 SYSTEMPATH\View\View.php(227): CodeIgniter\View\View->CodeIgniter\View\{closure}()
 4 SYSTEMPATH\Common.php(1173): CodeIgniter\View\View->render('contenido/catalogo_view.php', [], true)
 5 APPPATH\Controllers\ProductosController.php(225): view('contenido/catalogo_view.php')
 6 SYSTEMPATH\CodeIgniter.php(933): App\Controllers\ProductosController->listar_productos()
 7 SYSTEMPATH\CodeIgniter.php(507): CodeIgniter\CodeIgniter->runController(Object(App\Controllers\ProductosController))
 8 SYSTEMPATH\CodeIgniter.php(354): CodeIgniter\CodeIgniter->handleRequest(null, Object(Config\Cache), false)
 9 SYSTEMPATH\Boot.php(334): CodeIgniter\CodeIgniter->run()
10 SYSTEMPATH\Boot.php(67): CodeIgniter\Boot::runCodeIgniter(Object(CodeIgniter\CodeIgniter))
11 FCPATH\index.php(56): CodeIgniter\Boot::bootWeb(Object(Config\Paths))
DEBUG - 2025-06-14 19:46:58 --> Session: Class initialized using 'CodeIgniter\Session\Handlers\FileHandler' driver.
