DEBUG - 2025-05-27 11:38:30 --> Session: Class initialized using 'CodeIgniter\Session\Handlers\FileHandler' driver.
ERROR - 2025-05-27 11:38:52 --> mysqli_sql_exception: Cannot add or update a child row: a foreign key constraint fails (`bd_rodriguezantorenasoto`.`registrousuario`, CONSTRAINT `registrousuario_ibfk_1` FOREIGN KEY (`id_perfil`) REFERENCES `perfiles` (`id_perfil`)) in C:\xampp\htdocs\proyecto_RodriguezAntorena_Soto\system\Database\MySQLi\Connection.php:327
Stack trace:
#0 C:\xampp\htdocs\proyecto_RodriguezAntorena_Soto\system\Database\MySQLi\Connection.php(327): mysqli->query('INSERT INTO `re...', 0)
#1 C:\xampp\htdocs\proyecto_RodriguezAntorena_Soto\system\Database\BaseConnection.php(738): CodeIgniter\Database\MySQLi\Connection->execute('INSERT INTO `re...')
#2 C:\xampp\htdocs\proyecto_RodriguezAntorena_Soto\system\Database\BaseConnection.php(652): CodeIgniter\Database\BaseConnection->simpleQuery('INSERT INTO `re...')
#3 C:\xampp\htdocs\proyecto_RodriguezAntorena_Soto\system\Database\BaseBuilder.php(2345): CodeIgniter\Database\BaseConnection->query('INSERT INTO `re...', Array, false)
#4 C:\xampp\htdocs\proyecto_RodriguezAntorena_Soto\system\Model.php(394): CodeIgniter\Database\BaseBuilder->insert()
#5 C:\xampp\htdocs\proyecto_RodriguezAntorena_Soto\system\BaseModel.php(839): CodeIgniter\Model->doInsert(Array)
#6 C:\xampp\htdocs\proyecto_RodriguezAntorena_Soto\system\Model.php(800): CodeIgniter\BaseModel->insert(Array, true)
#7 C:\xampp\htdocs\proyecto_RodriguezAntorena_Soto\app\Controllers\ConsultaController.php(149): CodeIgniter\Model->insert(Array)
#8 C:\xampp\htdocs\proyecto_RodriguezAntorena_Soto\system\CodeIgniter.php(933): App\Controllers\ConsultaController->add_usuario()
#9 C:\xampp\htdocs\proyecto_RodriguezAntorena_Soto\system\CodeIgniter.php(507): CodeIgniter\CodeIgniter->runController(Object(App\Controllers\ConsultaController))
#10 C:\xampp\htdocs\proyecto_RodriguezAntorena_Soto\system\CodeIgniter.php(354): CodeIgniter\CodeIgniter->handleRequest(NULL, Object(Config\Cache), false)
#11 C:\xampp\htdocs\proyecto_RodriguezAntorena_Soto\system\Boot.php(334): CodeIgniter\CodeIgniter->run()
#12 C:\xampp\htdocs\proyecto_RodriguezAntorena_Soto\system\Boot.php(67): CodeIgniter\Boot::runCodeIgniter(Object(CodeIgniter\CodeIgniter))
#13 C:\xampp\htdocs\proyecto_RodriguezAntorena_Soto\index.php(56): CodeIgniter\Boot::bootWeb(Object(Config\Paths))
#14 {main}
CRITICAL - 2025-05-27 11:38:52 --> CodeIgniter\Database\Exceptions\DatabaseException: Cannot add or update a child row: a foreign key constraint fails (`bd_rodriguezantorenasoto`.`registrousuario`, CONSTRAINT `registrousuario_ibfk_1` FOREIGN KEY (`id_perfil`) REFERENCES `perfiles` (`id_perfil`))
[Method: POST, Route: registrar_usuario]
in SYSTEMPATH\Database\BaseConnection.php on line 692.
 1 SYSTEMPATH\Database\BaseBuilder.php(2345): CodeIgniter\Database\BaseConnection->query('INSERT INTO `registrousuario` (`nombre_usuario`, `apellido_usuario`, `dni_usuario`, `telefono_usuario`, `contraseña_usuario`, `estado_usuario`) VALUES (:nombre_usuario:, :apellido_usuario:, :dni_usuario:, :telefono_usuario:, :contraseña_usuario:, :estado_usuario:)', [...], false)
 2 SYSTEMPATH\Model.php(394): CodeIgniter\Database\BaseBuilder->insert()
 3 SYSTEMPATH\BaseModel.php(839): CodeIgniter\Model->doInsert([...])
 4 SYSTEMPATH\Model.php(800): CodeIgniter\BaseModel->insert([...], true)
 5 APPPATH\Controllers\ConsultaController.php(149): CodeIgniter\Model->insert([...])
 6 SYSTEMPATH\CodeIgniter.php(933): App\Controllers\ConsultaController->add_usuario()
 7 SYSTEMPATH\CodeIgniter.php(507): CodeIgniter\CodeIgniter->runController(Object(App\Controllers\ConsultaController))
 8 SYSTEMPATH\CodeIgniter.php(354): CodeIgniter\CodeIgniter->handleRequest(null, Object(Config\Cache), false)
 9 SYSTEMPATH\Boot.php(334): CodeIgniter\CodeIgniter->run()
10 SYSTEMPATH\Boot.php(67): CodeIgniter\Boot::runCodeIgniter(Object(CodeIgniter\CodeIgniter))
11 FCPATH\index.php(56): CodeIgniter\Boot::bootWeb(Object(Config\Paths))
CRITICAL - 2025-05-27 11:38:52 --> [Caused by] CodeIgniter\Database\Exceptions\DatabaseException: Cannot add or update a child row: a foreign key constraint fails (`bd_rodriguezantorenasoto`.`registrousuario`, CONSTRAINT `registrousuario_ibfk_1` FOREIGN KEY (`id_perfil`) REFERENCES `perfiles` (`id_perfil`))
in SYSTEMPATH\Database\MySQLi\Connection.php on line 332.
 1 SYSTEMPATH\Database\BaseConnection.php(738): CodeIgniter\Database\MySQLi\Connection->execute('INSERT INTO `registrousuario` (`nombre_usuario`, `apellido_usuario`, `dni_usuario`, `telefono_usuario`, `contraseña_usuario`, `estado_usuario`) VALUES (\'Milo Tahiel\', \'Antorena\', \'41281778\', \'0379154916511\', \'$2y$10$9y.va1AlnfWn660KZi.96Owx6krxF8u7WFHOP0gepO6gjCAhOypSe\', 1)')
 2 SYSTEMPATH\Database\BaseConnection.php(652): CodeIgniter\Database\BaseConnection->simpleQuery('INSERT INTO `registrousuario` (`nombre_usuario`, `apellido_usuario`, `dni_usuario`, `telefono_usuario`, `contraseña_usuario`, `estado_usuario`) VALUES (\'Milo Tahiel\', \'Antorena\', \'41281778\', \'0379154916511\', \'$2y$10$9y.va1AlnfWn660KZi.96Owx6krxF8u7WFHOP0gepO6gjCAhOypSe\', 1)')
 3 SYSTEMPATH\Database\BaseBuilder.php(2345): CodeIgniter\Database\BaseConnection->query('INSERT INTO `registrousuario` (`nombre_usuario`, `apellido_usuario`, `dni_usuario`, `telefono_usuario`, `contraseña_usuario`, `estado_usuario`) VALUES (:nombre_usuario:, :apellido_usuario:, :dni_usuario:, :telefono_usuario:, :contraseña_usuario:, :estado_usuario:)', [...], false)
 4 SYSTEMPATH\Model.php(394): CodeIgniter\Database\BaseBuilder->insert()
 5 SYSTEMPATH\BaseModel.php(839): CodeIgniter\Model->doInsert([...])
 6 SYSTEMPATH\Model.php(800): CodeIgniter\BaseModel->insert([...], true)
 7 APPPATH\Controllers\ConsultaController.php(149): CodeIgniter\Model->insert([...])
 8 SYSTEMPATH\CodeIgniter.php(933): App\Controllers\ConsultaController->add_usuario()
 9 SYSTEMPATH\CodeIgniter.php(507): CodeIgniter\CodeIgniter->runController(Object(App\Controllers\ConsultaController))
10 SYSTEMPATH\CodeIgniter.php(354): CodeIgniter\CodeIgniter->handleRequest(null, Object(Config\Cache), false)
11 SYSTEMPATH\Boot.php(334): CodeIgniter\CodeIgniter->run()
12 SYSTEMPATH\Boot.php(67): CodeIgniter\Boot::runCodeIgniter(Object(CodeIgniter\CodeIgniter))
13 FCPATH\index.php(56): CodeIgniter\Boot::bootWeb(Object(Config\Paths))
CRITICAL - 2025-05-27 11:38:52 --> [Caused by] mysqli_sql_exception: Cannot add or update a child row: a foreign key constraint fails (`bd_rodriguezantorenasoto`.`registrousuario`, CONSTRAINT `registrousuario_ibfk_1` FOREIGN KEY (`id_perfil`) REFERENCES `perfiles` (`id_perfil`))
in SYSTEMPATH\Database\MySQLi\Connection.php on line 327.
 1 SYSTEMPATH\Database\MySQLi\Connection.php(327): mysqli->query('INSERT INTO `registrousuario` (`nombre_usuario`, `apellido_usuario`, `dni_usuario`, `telefono_usuario`, `contraseña_usuario`, `estado_usuario`) VALUES (\'Milo Tahiel\', \'Antorena\', \'41281778\', \'0379154916511\', \'$2y$10$9y.va1AlnfWn660KZi.96Owx6krxF8u7WFHOP0gepO6gjCAhOypSe\', 1)', 0)
 2 SYSTEMPATH\Database\BaseConnection.php(738): CodeIgniter\Database\MySQLi\Connection->execute('INSERT INTO `registrousuario` (`nombre_usuario`, `apellido_usuario`, `dni_usuario`, `telefono_usuario`, `contraseña_usuario`, `estado_usuario`) VALUES (\'Milo Tahiel\', \'Antorena\', \'41281778\', \'0379154916511\', \'$2y$10$9y.va1AlnfWn660KZi.96Owx6krxF8u7WFHOP0gepO6gjCAhOypSe\', 1)')
 3 SYSTEMPATH\Database\BaseConnection.php(652): CodeIgniter\Database\BaseConnection->simpleQuery('INSERT INTO `registrousuario` (`nombre_usuario`, `apellido_usuario`, `dni_usuario`, `telefono_usuario`, `contraseña_usuario`, `estado_usuario`) VALUES (\'Milo Tahiel\', \'Antorena\', \'41281778\', \'0379154916511\', \'$2y$10$9y.va1AlnfWn660KZi.96Owx6krxF8u7WFHOP0gepO6gjCAhOypSe\', 1)')
 4 SYSTEMPATH\Database\BaseBuilder.php(2345): CodeIgniter\Database\BaseConnection->query('INSERT INTO `registrousuario` (`nombre_usuario`, `apellido_usuario`, `dni_usuario`, `telefono_usuario`, `contraseña_usuario`, `estado_usuario`) VALUES (:nombre_usuario:, :apellido_usuario:, :dni_usuario:, :telefono_usuario:, :contraseña_usuario:, :estado_usuario:)', [...], false)
 5 SYSTEMPATH\Model.php(394): CodeIgniter\Database\BaseBuilder->insert()
 6 SYSTEMPATH\BaseModel.php(839): CodeIgniter\Model->doInsert([...])
 7 SYSTEMPATH\Model.php(800): CodeIgniter\BaseModel->insert([...], true)
 8 APPPATH\Controllers\ConsultaController.php(149): CodeIgniter\Model->insert([...])
 9 SYSTEMPATH\CodeIgniter.php(933): App\Controllers\ConsultaController->add_usuario()
10 SYSTEMPATH\CodeIgniter.php(507): CodeIgniter\CodeIgniter->runController(Object(App\Controllers\ConsultaController))
11 SYSTEMPATH\CodeIgniter.php(354): CodeIgniter\CodeIgniter->handleRequest(null, Object(Config\Cache), false)
12 SYSTEMPATH\Boot.php(334): CodeIgniter\CodeIgniter->run()
13 SYSTEMPATH\Boot.php(67): CodeIgniter\Boot::runCodeIgniter(Object(CodeIgniter\CodeIgniter))
14 FCPATH\index.php(56): CodeIgniter\Boot::bootWeb(Object(Config\Paths))
DEBUG - 2025-05-27 12:31:15 --> Session: Class initialized using 'CodeIgniter\Session\Handlers\FileHandler' driver.
DEBUG - 2025-05-27 13:41:51 --> Session: Class initialized using 'CodeIgniter\Session\Handlers\FileHandler' driver.
ERROR - 2025-05-27 13:42:14 --> mysqli_sql_exception: Cannot add or update a child row: a foreign key constraint fails (`bd_rodriguezantorenasoto`.`registrousuario`, CONSTRAINT `registrousuario_ibfk_1` FOREIGN KEY (`id_perfil`) REFERENCES `perfiles` (`id_perfil`)) in C:\xampp\htdocs\proyecto_RodriguezAntorena_Soto\system\Database\MySQLi\Connection.php:327
Stack trace:
#0 C:\xampp\htdocs\proyecto_RodriguezAntorena_Soto\system\Database\MySQLi\Connection.php(327): mysqli->query('INSERT INTO `re...', 0)
#1 C:\xampp\htdocs\proyecto_RodriguezAntorena_Soto\system\Database\BaseConnection.php(738): CodeIgniter\Database\MySQLi\Connection->execute('INSERT INTO `re...')
#2 C:\xampp\htdocs\proyecto_RodriguezAntorena_Soto\system\Database\BaseConnection.php(652): CodeIgniter\Database\BaseConnection->simpleQuery('INSERT INTO `re...')
#3 C:\xampp\htdocs\proyecto_RodriguezAntorena_Soto\system\Database\BaseBuilder.php(2345): CodeIgniter\Database\BaseConnection->query('INSERT INTO `re...', Array, false)
#4 C:\xampp\htdocs\proyecto_RodriguezAntorena_Soto\system\Model.php(394): CodeIgniter\Database\BaseBuilder->insert()
#5 C:\xampp\htdocs\proyecto_RodriguezAntorena_Soto\system\BaseModel.php(839): CodeIgniter\Model->doInsert(Array)
#6 C:\xampp\htdocs\proyecto_RodriguezAntorena_Soto\system\Model.php(800): CodeIgniter\BaseModel->insert(Array, true)
#7 C:\xampp\htdocs\proyecto_RodriguezAntorena_Soto\app\Controllers\ConsultaController.php(149): CodeIgniter\Model->insert(Array)
#8 C:\xampp\htdocs\proyecto_RodriguezAntorena_Soto\system\CodeIgniter.php(933): App\Controllers\ConsultaController->add_usuario()
#9 C:\xampp\htdocs\proyecto_RodriguezAntorena_Soto\system\CodeIgniter.php(507): CodeIgniter\CodeIgniter->runController(Object(App\Controllers\ConsultaController))
#10 C:\xampp\htdocs\proyecto_RodriguezAntorena_Soto\system\CodeIgniter.php(354): CodeIgniter\CodeIgniter->handleRequest(NULL, Object(Config\Cache), false)
#11 C:\xampp\htdocs\proyecto_RodriguezAntorena_Soto\system\Boot.php(334): CodeIgniter\CodeIgniter->run()
#12 C:\xampp\htdocs\proyecto_RodriguezAntorena_Soto\system\Boot.php(67): CodeIgniter\Boot::runCodeIgniter(Object(CodeIgniter\CodeIgniter))
#13 C:\xampp\htdocs\proyecto_RodriguezAntorena_Soto\index.php(56): CodeIgniter\Boot::bootWeb(Object(Config\Paths))
#14 {main}
CRITICAL - 2025-05-27 13:42:14 --> CodeIgniter\Database\Exceptions\DatabaseException: Cannot add or update a child row: a foreign key constraint fails (`bd_rodriguezantorenasoto`.`registrousuario`, CONSTRAINT `registrousuario_ibfk_1` FOREIGN KEY (`id_perfil`) REFERENCES `perfiles` (`id_perfil`))
[Method: POST, Route: registrar_usuario]
in SYSTEMPATH\Database\BaseConnection.php on line 692.
 1 SYSTEMPATH\Database\BaseBuilder.php(2345): CodeIgniter\Database\BaseConnection->query('INSERT INTO `registrousuario` (`nombre_usuario`, `apellido_usuario`, `dni_usuario`, `telefono_usuario`, `contraseña_usuario`, `estado_usuario`) VALUES (:nombre_usuario:, :apellido_usuario:, :dni_usuario:, :telefono_usuario:, :contraseña_usuario:, :estado_usuario:)', [...], false)
 2 SYSTEMPATH\Model.php(394): CodeIgniter\Database\BaseBuilder->insert()
 3 SYSTEMPATH\BaseModel.php(839): CodeIgniter\Model->doInsert([...])
 4 SYSTEMPATH\Model.php(800): CodeIgniter\BaseModel->insert([...], true)
 5 APPPATH\Controllers\ConsultaController.php(149): CodeIgniter\Model->insert([...])
 6 SYSTEMPATH\CodeIgniter.php(933): App\Controllers\ConsultaController->add_usuario()
 7 SYSTEMPATH\CodeIgniter.php(507): CodeIgniter\CodeIgniter->runController(Object(App\Controllers\ConsultaController))
 8 SYSTEMPATH\CodeIgniter.php(354): CodeIgniter\CodeIgniter->handleRequest(null, Object(Config\Cache), false)
 9 SYSTEMPATH\Boot.php(334): CodeIgniter\CodeIgniter->run()
10 SYSTEMPATH\Boot.php(67): CodeIgniter\Boot::runCodeIgniter(Object(CodeIgniter\CodeIgniter))
11 FCPATH\index.php(56): CodeIgniter\Boot::bootWeb(Object(Config\Paths))
CRITICAL - 2025-05-27 13:42:14 --> [Caused by] CodeIgniter\Database\Exceptions\DatabaseException: Cannot add or update a child row: a foreign key constraint fails (`bd_rodriguezantorenasoto`.`registrousuario`, CONSTRAINT `registrousuario_ibfk_1` FOREIGN KEY (`id_perfil`) REFERENCES `perfiles` (`id_perfil`))
in SYSTEMPATH\Database\MySQLi\Connection.php on line 332.
 1 SYSTEMPATH\Database\BaseConnection.php(738): CodeIgniter\Database\MySQLi\Connection->execute('INSERT INTO `registrousuario` (`nombre_usuario`, `apellido_usuario`, `dni_usuario`, `telefono_usuario`, `contraseña_usuario`, `estado_usuario`) VALUES (\'Milo Tahiel\', \'Antorena\', \'41281778\', \'0379154916511\', \'$2y$10$FXhzoEmThmAcExrSV5zzFO0wfCtqbUxCZEoSFDM0q1SH7zY9hvZKa\', 1)')
 2 SYSTEMPATH\Database\BaseConnection.php(652): CodeIgniter\Database\BaseConnection->simpleQuery('INSERT INTO `registrousuario` (`nombre_usuario`, `apellido_usuario`, `dni_usuario`, `telefono_usuario`, `contraseña_usuario`, `estado_usuario`) VALUES (\'Milo Tahiel\', \'Antorena\', \'41281778\', \'0379154916511\', \'$2y$10$FXhzoEmThmAcExrSV5zzFO0wfCtqbUxCZEoSFDM0q1SH7zY9hvZKa\', 1)')
 3 SYSTEMPATH\Database\BaseBuilder.php(2345): CodeIgniter\Database\BaseConnection->query('INSERT INTO `registrousuario` (`nombre_usuario`, `apellido_usuario`, `dni_usuario`, `telefono_usuario`, `contraseña_usuario`, `estado_usuario`) VALUES (:nombre_usuario:, :apellido_usuario:, :dni_usuario:, :telefono_usuario:, :contraseña_usuario:, :estado_usuario:)', [...], false)
 4 SYSTEMPATH\Model.php(394): CodeIgniter\Database\BaseBuilder->insert()
 5 SYSTEMPATH\BaseModel.php(839): CodeIgniter\Model->doInsert([...])
 6 SYSTEMPATH\Model.php(800): CodeIgniter\BaseModel->insert([...], true)
 7 APPPATH\Controllers\ConsultaController.php(149): CodeIgniter\Model->insert([...])
 8 SYSTEMPATH\CodeIgniter.php(933): App\Controllers\ConsultaController->add_usuario()
 9 SYSTEMPATH\CodeIgniter.php(507): CodeIgniter\CodeIgniter->runController(Object(App\Controllers\ConsultaController))
10 SYSTEMPATH\CodeIgniter.php(354): CodeIgniter\CodeIgniter->handleRequest(null, Object(Config\Cache), false)
11 SYSTEMPATH\Boot.php(334): CodeIgniter\CodeIgniter->run()
12 SYSTEMPATH\Boot.php(67): CodeIgniter\Boot::runCodeIgniter(Object(CodeIgniter\CodeIgniter))
13 FCPATH\index.php(56): CodeIgniter\Boot::bootWeb(Object(Config\Paths))
CRITICAL - 2025-05-27 13:42:14 --> [Caused by] mysqli_sql_exception: Cannot add or update a child row: a foreign key constraint fails (`bd_rodriguezantorenasoto`.`registrousuario`, CONSTRAINT `registrousuario_ibfk_1` FOREIGN KEY (`id_perfil`) REFERENCES `perfiles` (`id_perfil`))
in SYSTEMPATH\Database\MySQLi\Connection.php on line 327.
 1 SYSTEMPATH\Database\MySQLi\Connection.php(327): mysqli->query('INSERT INTO `registrousuario` (`nombre_usuario`, `apellido_usuario`, `dni_usuario`, `telefono_usuario`, `contraseña_usuario`, `estado_usuario`) VALUES (\'Milo Tahiel\', \'Antorena\', \'41281778\', \'0379154916511\', \'$2y$10$FXhzoEmThmAcExrSV5zzFO0wfCtqbUxCZEoSFDM0q1SH7zY9hvZKa\', 1)', 0)
 2 SYSTEMPATH\Database\BaseConnection.php(738): CodeIgniter\Database\MySQLi\Connection->execute('INSERT INTO `registrousuario` (`nombre_usuario`, `apellido_usuario`, `dni_usuario`, `telefono_usuario`, `contraseña_usuario`, `estado_usuario`) VALUES (\'Milo Tahiel\', \'Antorena\', \'41281778\', \'0379154916511\', \'$2y$10$FXhzoEmThmAcExrSV5zzFO0wfCtqbUxCZEoSFDM0q1SH7zY9hvZKa\', 1)')
 3 SYSTEMPATH\Database\BaseConnection.php(652): CodeIgniter\Database\BaseConnection->simpleQuery('INSERT INTO `registrousuario` (`nombre_usuario`, `apellido_usuario`, `dni_usuario`, `telefono_usuario`, `contraseña_usuario`, `estado_usuario`) VALUES (\'Milo Tahiel\', \'Antorena\', \'41281778\', \'0379154916511\', \'$2y$10$FXhzoEmThmAcExrSV5zzFO0wfCtqbUxCZEoSFDM0q1SH7zY9hvZKa\', 1)')
 4 SYSTEMPATH\Database\BaseBuilder.php(2345): CodeIgniter\Database\BaseConnection->query('INSERT INTO `registrousuario` (`nombre_usuario`, `apellido_usuario`, `dni_usuario`, `telefono_usuario`, `contraseña_usuario`, `estado_usuario`) VALUES (:nombre_usuario:, :apellido_usuario:, :dni_usuario:, :telefono_usuario:, :contraseña_usuario:, :estado_usuario:)', [...], false)
 5 SYSTEMPATH\Model.php(394): CodeIgniter\Database\BaseBuilder->insert()
 6 SYSTEMPATH\BaseModel.php(839): CodeIgniter\Model->doInsert([...])
 7 SYSTEMPATH\Model.php(800): CodeIgniter\BaseModel->insert([...], true)
 8 APPPATH\Controllers\ConsultaController.php(149): CodeIgniter\Model->insert([...])
 9 SYSTEMPATH\CodeIgniter.php(933): App\Controllers\ConsultaController->add_usuario()
10 SYSTEMPATH\CodeIgniter.php(507): CodeIgniter\CodeIgniter->runController(Object(App\Controllers\ConsultaController))
11 SYSTEMPATH\CodeIgniter.php(354): CodeIgniter\CodeIgniter->handleRequest(null, Object(Config\Cache), false)
12 SYSTEMPATH\Boot.php(334): CodeIgniter\CodeIgniter->run()
13 SYSTEMPATH\Boot.php(67): CodeIgniter\Boot::runCodeIgniter(Object(CodeIgniter\CodeIgniter))
14 FCPATH\index.php(56): CodeIgniter\Boot::bootWeb(Object(Config\Paths))
ERROR - 2025-05-27 13:47:34 --> mysqli_sql_exception: Cannot add or update a child row: a foreign key constraint fails (`bd_rodriguezantorenasoto`.`registrousuario`, CONSTRAINT `registrousuario_ibfk_1` FOREIGN KEY (`id_perfil`) REFERENCES `perfiles` (`id_perfil`)) in C:\xampp\htdocs\proyecto_RodriguezAntorena_Soto\system\Database\MySQLi\Connection.php:327
Stack trace:
#0 C:\xampp\htdocs\proyecto_RodriguezAntorena_Soto\system\Database\MySQLi\Connection.php(327): mysqli->query('INSERT INTO `re...', 0)
#1 C:\xampp\htdocs\proyecto_RodriguezAntorena_Soto\system\Database\BaseConnection.php(738): CodeIgniter\Database\MySQLi\Connection->execute('INSERT INTO `re...')
#2 C:\xampp\htdocs\proyecto_RodriguezAntorena_Soto\system\Database\BaseConnection.php(652): CodeIgniter\Database\BaseConnection->simpleQuery('INSERT INTO `re...')
#3 C:\xampp\htdocs\proyecto_RodriguezAntorena_Soto\system\Database\BaseBuilder.php(2345): CodeIgniter\Database\BaseConnection->query('INSERT INTO `re...', Array, false)
#4 C:\xampp\htdocs\proyecto_RodriguezAntorena_Soto\system\Model.php(394): CodeIgniter\Database\BaseBuilder->insert()
#5 C:\xampp\htdocs\proyecto_RodriguezAntorena_Soto\system\BaseModel.php(839): CodeIgniter\Model->doInsert(Array)
#6 C:\xampp\htdocs\proyecto_RodriguezAntorena_Soto\system\Model.php(800): CodeIgniter\BaseModel->insert(Array, true)
#7 C:\xampp\htdocs\proyecto_RodriguezAntorena_Soto\app\Controllers\ConsultaController.php(149): CodeIgniter\Model->insert(Array)
#8 C:\xampp\htdocs\proyecto_RodriguezAntorena_Soto\system\CodeIgniter.php(933): App\Controllers\ConsultaController->add_usuario()
#9 C:\xampp\htdocs\proyecto_RodriguezAntorena_Soto\system\CodeIgniter.php(507): CodeIgniter\CodeIgniter->runController(Object(App\Controllers\ConsultaController))
#10 C:\xampp\htdocs\proyecto_RodriguezAntorena_Soto\system\CodeIgniter.php(354): CodeIgniter\CodeIgniter->handleRequest(NULL, Object(Config\Cache), false)
#11 C:\xampp\htdocs\proyecto_RodriguezAntorena_Soto\system\Boot.php(334): CodeIgniter\CodeIgniter->run()
#12 C:\xampp\htdocs\proyecto_RodriguezAntorena_Soto\system\Boot.php(67): CodeIgniter\Boot::runCodeIgniter(Object(CodeIgniter\CodeIgniter))
#13 C:\xampp\htdocs\proyecto_RodriguezAntorena_Soto\index.php(56): CodeIgniter\Boot::bootWeb(Object(Config\Paths))
#14 {main}
CRITICAL - 2025-05-27 13:47:34 --> CodeIgniter\Database\Exceptions\DatabaseException: Cannot add or update a child row: a foreign key constraint fails (`bd_rodriguezantorenasoto`.`registrousuario`, CONSTRAINT `registrousuario_ibfk_1` FOREIGN KEY (`id_perfil`) REFERENCES `perfiles` (`id_perfil`))
[Method: POST, Route: registrar_usuario]
in SYSTEMPATH\Database\BaseConnection.php on line 692.
 1 SYSTEMPATH\Database\BaseBuilder.php(2345): CodeIgniter\Database\BaseConnection->query('INSERT INTO `registrousuario` (`nombre_usuario`, `apellido_usuario`, `dni_usuario`, `telefono_usuario`, `contraseña_usuario`, `estado_usuario`) VALUES (:nombre_usuario:, :apellido_usuario:, :dni_usuario:, :telefono_usuario:, :contraseña_usuario:, :estado_usuario:)', [...], false)
 2 SYSTEMPATH\Model.php(394): CodeIgniter\Database\BaseBuilder->insert()
 3 SYSTEMPATH\BaseModel.php(839): CodeIgniter\Model->doInsert([...])
 4 SYSTEMPATH\Model.php(800): CodeIgniter\BaseModel->insert([...], true)
 5 APPPATH\Controllers\ConsultaController.php(149): CodeIgniter\Model->insert([...])
 6 SYSTEMPATH\CodeIgniter.php(933): App\Controllers\ConsultaController->add_usuario()
 7 SYSTEMPATH\CodeIgniter.php(507): CodeIgniter\CodeIgniter->runController(Object(App\Controllers\ConsultaController))
 8 SYSTEMPATH\CodeIgniter.php(354): CodeIgniter\CodeIgniter->handleRequest(null, Object(Config\Cache), false)
 9 SYSTEMPATH\Boot.php(334): CodeIgniter\CodeIgniter->run()
10 SYSTEMPATH\Boot.php(67): CodeIgniter\Boot::runCodeIgniter(Object(CodeIgniter\CodeIgniter))
11 FCPATH\index.php(56): CodeIgniter\Boot::bootWeb(Object(Config\Paths))
CRITICAL - 2025-05-27 13:47:34 --> [Caused by] CodeIgniter\Database\Exceptions\DatabaseException: Cannot add or update a child row: a foreign key constraint fails (`bd_rodriguezantorenasoto`.`registrousuario`, CONSTRAINT `registrousuario_ibfk_1` FOREIGN KEY (`id_perfil`) REFERENCES `perfiles` (`id_perfil`))
in SYSTEMPATH\Database\MySQLi\Connection.php on line 332.
 1 SYSTEMPATH\Database\BaseConnection.php(738): CodeIgniter\Database\MySQLi\Connection->execute('INSERT INTO `registrousuario` (`nombre_usuario`, `apellido_usuario`, `dni_usuario`, `telefono_usuario`, `contraseña_usuario`, `estado_usuario`) VALUES (\'Milo Tahiel\', \'Antorena\', \'41281778\', \'0379154916511\', \'$2y$10$xM6tHe85jLGAcw027e9Iu.XaWgMYdRKOsiei0uVUji8GOUFEviIgy\', 1)')
 2 SYSTEMPATH\Database\BaseConnection.php(652): CodeIgniter\Database\BaseConnection->simpleQuery('INSERT INTO `registrousuario` (`nombre_usuario`, `apellido_usuario`, `dni_usuario`, `telefono_usuario`, `contraseña_usuario`, `estado_usuario`) VALUES (\'Milo Tahiel\', \'Antorena\', \'41281778\', \'0379154916511\', \'$2y$10$xM6tHe85jLGAcw027e9Iu.XaWgMYdRKOsiei0uVUji8GOUFEviIgy\', 1)')
 3 SYSTEMPATH\Database\BaseBuilder.php(2345): CodeIgniter\Database\BaseConnection->query('INSERT INTO `registrousuario` (`nombre_usuario`, `apellido_usuario`, `dni_usuario`, `telefono_usuario`, `contraseña_usuario`, `estado_usuario`) VALUES (:nombre_usuario:, :apellido_usuario:, :dni_usuario:, :telefono_usuario:, :contraseña_usuario:, :estado_usuario:)', [...], false)
 4 SYSTEMPATH\Model.php(394): CodeIgniter\Database\BaseBuilder->insert()
 5 SYSTEMPATH\BaseModel.php(839): CodeIgniter\Model->doInsert([...])
 6 SYSTEMPATH\Model.php(800): CodeIgniter\BaseModel->insert([...], true)
 7 APPPATH\Controllers\ConsultaController.php(149): CodeIgniter\Model->insert([...])
 8 SYSTEMPATH\CodeIgniter.php(933): App\Controllers\ConsultaController->add_usuario()
 9 SYSTEMPATH\CodeIgniter.php(507): CodeIgniter\CodeIgniter->runController(Object(App\Controllers\ConsultaController))
10 SYSTEMPATH\CodeIgniter.php(354): CodeIgniter\CodeIgniter->handleRequest(null, Object(Config\Cache), false)
11 SYSTEMPATH\Boot.php(334): CodeIgniter\CodeIgniter->run()
12 SYSTEMPATH\Boot.php(67): CodeIgniter\Boot::runCodeIgniter(Object(CodeIgniter\CodeIgniter))
13 FCPATH\index.php(56): CodeIgniter\Boot::bootWeb(Object(Config\Paths))
CRITICAL - 2025-05-27 13:47:34 --> [Caused by] mysqli_sql_exception: Cannot add or update a child row: a foreign key constraint fails (`bd_rodriguezantorenasoto`.`registrousuario`, CONSTRAINT `registrousuario_ibfk_1` FOREIGN KEY (`id_perfil`) REFERENCES `perfiles` (`id_perfil`))
in SYSTEMPATH\Database\MySQLi\Connection.php on line 327.
 1 SYSTEMPATH\Database\MySQLi\Connection.php(327): mysqli->query('INSERT INTO `registrousuario` (`nombre_usuario`, `apellido_usuario`, `dni_usuario`, `telefono_usuario`, `contraseña_usuario`, `estado_usuario`) VALUES (\'Milo Tahiel\', \'Antorena\', \'41281778\', \'0379154916511\', \'$2y$10$xM6tHe85jLGAcw027e9Iu.XaWgMYdRKOsiei0uVUji8GOUFEviIgy\', 1)', 0)
 2 SYSTEMPATH\Database\BaseConnection.php(738): CodeIgniter\Database\MySQLi\Connection->execute('INSERT INTO `registrousuario` (`nombre_usuario`, `apellido_usuario`, `dni_usuario`, `telefono_usuario`, `contraseña_usuario`, `estado_usuario`) VALUES (\'Milo Tahiel\', \'Antorena\', \'41281778\', \'0379154916511\', \'$2y$10$xM6tHe85jLGAcw027e9Iu.XaWgMYdRKOsiei0uVUji8GOUFEviIgy\', 1)')
 3 SYSTEMPATH\Database\BaseConnection.php(652): CodeIgniter\Database\BaseConnection->simpleQuery('INSERT INTO `registrousuario` (`nombre_usuario`, `apellido_usuario`, `dni_usuario`, `telefono_usuario`, `contraseña_usuario`, `estado_usuario`) VALUES (\'Milo Tahiel\', \'Antorena\', \'41281778\', \'0379154916511\', \'$2y$10$xM6tHe85jLGAcw027e9Iu.XaWgMYdRKOsiei0uVUji8GOUFEviIgy\', 1)')
 4 SYSTEMPATH\Database\BaseBuilder.php(2345): CodeIgniter\Database\BaseConnection->query('INSERT INTO `registrousuario` (`nombre_usuario`, `apellido_usuario`, `dni_usuario`, `telefono_usuario`, `contraseña_usuario`, `estado_usuario`) VALUES (:nombre_usuario:, :apellido_usuario:, :dni_usuario:, :telefono_usuario:, :contraseña_usuario:, :estado_usuario:)', [...], false)
 5 SYSTEMPATH\Model.php(394): CodeIgniter\Database\BaseBuilder->insert()
 6 SYSTEMPATH\BaseModel.php(839): CodeIgniter\Model->doInsert([...])
 7 SYSTEMPATH\Model.php(800): CodeIgniter\BaseModel->insert([...], true)
 8 APPPATH\Controllers\ConsultaController.php(149): CodeIgniter\Model->insert([...])
 9 SYSTEMPATH\CodeIgniter.php(933): App\Controllers\ConsultaController->add_usuario()
10 SYSTEMPATH\CodeIgniter.php(507): CodeIgniter\CodeIgniter->runController(Object(App\Controllers\ConsultaController))
11 SYSTEMPATH\CodeIgniter.php(354): CodeIgniter\CodeIgniter->handleRequest(null, Object(Config\Cache), false)
12 SYSTEMPATH\Boot.php(334): CodeIgniter\CodeIgniter->run()
13 SYSTEMPATH\Boot.php(67): CodeIgniter\Boot::runCodeIgniter(Object(CodeIgniter\CodeIgniter))
14 FCPATH\index.php(56): CodeIgniter\Boot::bootWeb(Object(Config\Paths))
DEBUG - 2025-05-27 13:47:41 --> Session: Class initialized using 'CodeIgniter\Session\Handlers\FileHandler' driver.
ERROR - 2025-05-27 13:47:52 --> mysqli_sql_exception: Cannot add or update a child row: a foreign key constraint fails (`bd_rodriguezantorenasoto`.`registrousuario`, CONSTRAINT `registrousuario_ibfk_1` FOREIGN KEY (`id_perfil`) REFERENCES `perfiles` (`id_perfil`)) in C:\xampp\htdocs\proyecto_RodriguezAntorena_Soto\system\Database\MySQLi\Connection.php:327
Stack trace:
#0 C:\xampp\htdocs\proyecto_RodriguezAntorena_Soto\system\Database\MySQLi\Connection.php(327): mysqli->query('INSERT INTO `re...', 0)
#1 C:\xampp\htdocs\proyecto_RodriguezAntorena_Soto\system\Database\BaseConnection.php(738): CodeIgniter\Database\MySQLi\Connection->execute('INSERT INTO `re...')
#2 C:\xampp\htdocs\proyecto_RodriguezAntorena_Soto\system\Database\BaseConnection.php(652): CodeIgniter\Database\BaseConnection->simpleQuery('INSERT INTO `re...')
#3 C:\xampp\htdocs\proyecto_RodriguezAntorena_Soto\system\Database\BaseBuilder.php(2345): CodeIgniter\Database\BaseConnection->query('INSERT INTO `re...', Array, false)
#4 C:\xampp\htdocs\proyecto_RodriguezAntorena_Soto\system\Model.php(394): CodeIgniter\Database\BaseBuilder->insert()
#5 C:\xampp\htdocs\proyecto_RodriguezAntorena_Soto\system\BaseModel.php(839): CodeIgniter\Model->doInsert(Array)
#6 C:\xampp\htdocs\proyecto_RodriguezAntorena_Soto\system\Model.php(800): CodeIgniter\BaseModel->insert(Array, true)
#7 C:\xampp\htdocs\proyecto_RodriguezAntorena_Soto\app\Controllers\ConsultaController.php(149): CodeIgniter\Model->insert(Array)
#8 C:\xampp\htdocs\proyecto_RodriguezAntorena_Soto\system\CodeIgniter.php(933): App\Controllers\ConsultaController->add_usuario()
#9 C:\xampp\htdocs\proyecto_RodriguezAntorena_Soto\system\CodeIgniter.php(507): CodeIgniter\CodeIgniter->runController(Object(App\Controllers\ConsultaController))
#10 C:\xampp\htdocs\proyecto_RodriguezAntorena_Soto\system\CodeIgniter.php(354): CodeIgniter\CodeIgniter->handleRequest(NULL, Object(Config\Cache), false)
#11 C:\xampp\htdocs\proyecto_RodriguezAntorena_Soto\system\Boot.php(334): CodeIgniter\CodeIgniter->run()
#12 C:\xampp\htdocs\proyecto_RodriguezAntorena_Soto\system\Boot.php(67): CodeIgniter\Boot::runCodeIgniter(Object(CodeIgniter\CodeIgniter))
#13 C:\xampp\htdocs\proyecto_RodriguezAntorena_Soto\index.php(56): CodeIgniter\Boot::bootWeb(Object(Config\Paths))
#14 {main}
CRITICAL - 2025-05-27 13:47:52 --> CodeIgniter\Database\Exceptions\DatabaseException: Cannot add or update a child row: a foreign key constraint fails (`bd_rodriguezantorenasoto`.`registrousuario`, CONSTRAINT `registrousuario_ibfk_1` FOREIGN KEY (`id_perfil`) REFERENCES `perfiles` (`id_perfil`))
[Method: POST, Route: registrar_usuario]
in SYSTEMPATH\Database\BaseConnection.php on line 692.
 1 SYSTEMPATH\Database\BaseBuilder.php(2345): CodeIgniter\Database\BaseConnection->query('INSERT INTO `registrousuario` (`nombre_usuario`, `apellido_usuario`, `dni_usuario`, `telefono_usuario`, `contraseña_usuario`, `estado_usuario`) VALUES (:nombre_usuario:, :apellido_usuario:, :dni_usuario:, :telefono_usuario:, :contraseña_usuario:, :estado_usuario:)', [...], false)
 2 SYSTEMPATH\Model.php(394): CodeIgniter\Database\BaseBuilder->insert()
 3 SYSTEMPATH\BaseModel.php(839): CodeIgniter\Model->doInsert([...])
 4 SYSTEMPATH\Model.php(800): CodeIgniter\BaseModel->insert([...], true)
 5 APPPATH\Controllers\ConsultaController.php(149): CodeIgniter\Model->insert([...])
 6 SYSTEMPATH\CodeIgniter.php(933): App\Controllers\ConsultaController->add_usuario()
 7 SYSTEMPATH\CodeIgniter.php(507): CodeIgniter\CodeIgniter->runController(Object(App\Controllers\ConsultaController))
 8 SYSTEMPATH\CodeIgniter.php(354): CodeIgniter\CodeIgniter->handleRequest(null, Object(Config\Cache), false)
 9 SYSTEMPATH\Boot.php(334): CodeIgniter\CodeIgniter->run()
10 SYSTEMPATH\Boot.php(67): CodeIgniter\Boot::runCodeIgniter(Object(CodeIgniter\CodeIgniter))
11 FCPATH\index.php(56): CodeIgniter\Boot::bootWeb(Object(Config\Paths))
CRITICAL - 2025-05-27 13:47:52 --> [Caused by] CodeIgniter\Database\Exceptions\DatabaseException: Cannot add or update a child row: a foreign key constraint fails (`bd_rodriguezantorenasoto`.`registrousuario`, CONSTRAINT `registrousuario_ibfk_1` FOREIGN KEY (`id_perfil`) REFERENCES `perfiles` (`id_perfil`))
in SYSTEMPATH\Database\MySQLi\Connection.php on line 332.
 1 SYSTEMPATH\Database\BaseConnection.php(738): CodeIgniter\Database\MySQLi\Connection->execute('INSERT INTO `registrousuario` (`nombre_usuario`, `apellido_usuario`, `dni_usuario`, `telefono_usuario`, `contraseña_usuario`, `estado_usuario`) VALUES (\'Milo Tahiel\', \'Antorena\', \'41281778\', \'0379154916511\', \'$2y$10$OqN1.yxVIMMzDx6wIpwNA..j2UrdE4/mxgmegkcd.nRdoONXjqfLq\', 1)')
 2 SYSTEMPATH\Database\BaseConnection.php(652): CodeIgniter\Database\BaseConnection->simpleQuery('INSERT INTO `registrousuario` (`nombre_usuario`, `apellido_usuario`, `dni_usuario`, `telefono_usuario`, `contraseña_usuario`, `estado_usuario`) VALUES (\'Milo Tahiel\', \'Antorena\', \'41281778\', \'0379154916511\', \'$2y$10$OqN1.yxVIMMzDx6wIpwNA..j2UrdE4/mxgmegkcd.nRdoONXjqfLq\', 1)')
 3 SYSTEMPATH\Database\BaseBuilder.php(2345): CodeIgniter\Database\BaseConnection->query('INSERT INTO `registrousuario` (`nombre_usuario`, `apellido_usuario`, `dni_usuario`, `telefono_usuario`, `contraseña_usuario`, `estado_usuario`) VALUES (:nombre_usuario:, :apellido_usuario:, :dni_usuario:, :telefono_usuario:, :contraseña_usuario:, :estado_usuario:)', [...], false)
 4 SYSTEMPATH\Model.php(394): CodeIgniter\Database\BaseBuilder->insert()
 5 SYSTEMPATH\BaseModel.php(839): CodeIgniter\Model->doInsert([...])
 6 SYSTEMPATH\Model.php(800): CodeIgniter\BaseModel->insert([...], true)
 7 APPPATH\Controllers\ConsultaController.php(149): CodeIgniter\Model->insert([...])
 8 SYSTEMPATH\CodeIgniter.php(933): App\Controllers\ConsultaController->add_usuario()
 9 SYSTEMPATH\CodeIgniter.php(507): CodeIgniter\CodeIgniter->runController(Object(App\Controllers\ConsultaController))
10 SYSTEMPATH\CodeIgniter.php(354): CodeIgniter\CodeIgniter->handleRequest(null, Object(Config\Cache), false)
11 SYSTEMPATH\Boot.php(334): CodeIgniter\CodeIgniter->run()
12 SYSTEMPATH\Boot.php(67): CodeIgniter\Boot::runCodeIgniter(Object(CodeIgniter\CodeIgniter))
13 FCPATH\index.php(56): CodeIgniter\Boot::bootWeb(Object(Config\Paths))
CRITICAL - 2025-05-27 13:47:52 --> [Caused by] mysqli_sql_exception: Cannot add or update a child row: a foreign key constraint fails (`bd_rodriguezantorenasoto`.`registrousuario`, CONSTRAINT `registrousuario_ibfk_1` FOREIGN KEY (`id_perfil`) REFERENCES `perfiles` (`id_perfil`))
in SYSTEMPATH\Database\MySQLi\Connection.php on line 327.
 1 SYSTEMPATH\Database\MySQLi\Connection.php(327): mysqli->query('INSERT INTO `registrousuario` (`nombre_usuario`, `apellido_usuario`, `dni_usuario`, `telefono_usuario`, `contraseña_usuario`, `estado_usuario`) VALUES (\'Milo Tahiel\', \'Antorena\', \'41281778\', \'0379154916511\', \'$2y$10$OqN1.yxVIMMzDx6wIpwNA..j2UrdE4/mxgmegkcd.nRdoONXjqfLq\', 1)', 0)
 2 SYSTEMPATH\Database\BaseConnection.php(738): CodeIgniter\Database\MySQLi\Connection->execute('INSERT INTO `registrousuario` (`nombre_usuario`, `apellido_usuario`, `dni_usuario`, `telefono_usuario`, `contraseña_usuario`, `estado_usuario`) VALUES (\'Milo Tahiel\', \'Antorena\', \'41281778\', \'0379154916511\', \'$2y$10$OqN1.yxVIMMzDx6wIpwNA..j2UrdE4/mxgmegkcd.nRdoONXjqfLq\', 1)')
 3 SYSTEMPATH\Database\BaseConnection.php(652): CodeIgniter\Database\BaseConnection->simpleQuery('INSERT INTO `registrousuario` (`nombre_usuario`, `apellido_usuario`, `dni_usuario`, `telefono_usuario`, `contraseña_usuario`, `estado_usuario`) VALUES (\'Milo Tahiel\', \'Antorena\', \'41281778\', \'0379154916511\', \'$2y$10$OqN1.yxVIMMzDx6wIpwNA..j2UrdE4/mxgmegkcd.nRdoONXjqfLq\', 1)')
 4 SYSTEMPATH\Database\BaseBuilder.php(2345): CodeIgniter\Database\BaseConnection->query('INSERT INTO `registrousuario` (`nombre_usuario`, `apellido_usuario`, `dni_usuario`, `telefono_usuario`, `contraseña_usuario`, `estado_usuario`) VALUES (:nombre_usuario:, :apellido_usuario:, :dni_usuario:, :telefono_usuario:, :contraseña_usuario:, :estado_usuario:)', [...], false)
 5 SYSTEMPATH\Model.php(394): CodeIgniter\Database\BaseBuilder->insert()
 6 SYSTEMPATH\BaseModel.php(839): CodeIgniter\Model->doInsert([...])
 7 SYSTEMPATH\Model.php(800): CodeIgniter\BaseModel->insert([...], true)
 8 APPPATH\Controllers\ConsultaController.php(149): CodeIgniter\Model->insert([...])
 9 SYSTEMPATH\CodeIgniter.php(933): App\Controllers\ConsultaController->add_usuario()
10 SYSTEMPATH\CodeIgniter.php(507): CodeIgniter\CodeIgniter->runController(Object(App\Controllers\ConsultaController))
11 SYSTEMPATH\CodeIgniter.php(354): CodeIgniter\CodeIgniter->handleRequest(null, Object(Config\Cache), false)
12 SYSTEMPATH\Boot.php(334): CodeIgniter\CodeIgniter->run()
13 SYSTEMPATH\Boot.php(67): CodeIgniter\Boot::runCodeIgniter(Object(CodeIgniter\CodeIgniter))
14 FCPATH\index.php(56): CodeIgniter\Boot::bootWeb(Object(Config\Paths))
DEBUG - 2025-05-27 13:48:41 --> Session: Class initialized using 'CodeIgniter\Session\Handlers\FileHandler' driver.
DEBUG - 2025-05-27 13:48:42 --> Session: Class initialized using 'CodeIgniter\Session\Handlers\FileHandler' driver.
DEBUG - 2025-05-27 13:56:00 --> Session: Class initialized using 'CodeIgniter\Session\Handlers\FileHandler' driver.
ERROR - 2025-05-27 13:56:10 --> mysqli_sql_exception: Cannot add or update a child row: a foreign key constraint fails (`bd_rodriguezantorenasoto`.`registrousuario`, CONSTRAINT `registrousuario_ibfk_1` FOREIGN KEY (`perfil_id`) REFERENCES `perfiles` (`id_perfil`) ON DELETE RESTRICT ON UPDATE RESTRICT) in C:\xampp\htdocs\proyecto_RodriguezAntorena_Soto\system\Database\MySQLi\Connection.php:327
Stack trace:
#0 C:\xampp\htdocs\proyecto_RodriguezAntorena_Soto\system\Database\MySQLi\Connection.php(327): mysqli->query('INSERT INTO `re...', 0)
#1 C:\xampp\htdocs\proyecto_RodriguezAntorena_Soto\system\Database\BaseConnection.php(738): CodeIgniter\Database\MySQLi\Connection->execute('INSERT INTO `re...')
#2 C:\xampp\htdocs\proyecto_RodriguezAntorena_Soto\system\Database\BaseConnection.php(652): CodeIgniter\Database\BaseConnection->simpleQuery('INSERT INTO `re...')
#3 C:\xampp\htdocs\proyecto_RodriguezAntorena_Soto\system\Database\BaseBuilder.php(2345): CodeIgniter\Database\BaseConnection->query('INSERT INTO `re...', Array, false)
#4 C:\xampp\htdocs\proyecto_RodriguezAntorena_Soto\system\Model.php(394): CodeIgniter\Database\BaseBuilder->insert()
#5 C:\xampp\htdocs\proyecto_RodriguezAntorena_Soto\system\BaseModel.php(839): CodeIgniter\Model->doInsert(Array)
#6 C:\xampp\htdocs\proyecto_RodriguezAntorena_Soto\system\Model.php(800): CodeIgniter\BaseModel->insert(Array, true)
#7 C:\xampp\htdocs\proyecto_RodriguezAntorena_Soto\app\Controllers\ConsultaController.php(149): CodeIgniter\Model->insert(Array)
#8 C:\xampp\htdocs\proyecto_RodriguezAntorena_Soto\system\CodeIgniter.php(933): App\Controllers\ConsultaController->add_usuario()
#9 C:\xampp\htdocs\proyecto_RodriguezAntorena_Soto\system\CodeIgniter.php(507): CodeIgniter\CodeIgniter->runController(Object(App\Controllers\ConsultaController))
#10 C:\xampp\htdocs\proyecto_RodriguezAntorena_Soto\system\CodeIgniter.php(354): CodeIgniter\CodeIgniter->handleRequest(NULL, Object(Config\Cache), false)
#11 C:\xampp\htdocs\proyecto_RodriguezAntorena_Soto\system\Boot.php(334): CodeIgniter\CodeIgniter->run()
#12 C:\xampp\htdocs\proyecto_RodriguezAntorena_Soto\system\Boot.php(67): CodeIgniter\Boot::runCodeIgniter(Object(CodeIgniter\CodeIgniter))
#13 C:\xampp\htdocs\proyecto_RodriguezAntorena_Soto\index.php(56): CodeIgniter\Boot::bootWeb(Object(Config\Paths))
#14 {main}
CRITICAL - 2025-05-27 13:56:10 --> CodeIgniter\Database\Exceptions\DatabaseException: Cannot add or update a child row: a foreign key constraint fails (`bd_rodriguezantorenasoto`.`registrousuario`, CONSTRAINT `registrousuario_ibfk_1` FOREIGN KEY (`perfil_id`) REFERENCES `perfiles` (`id_perfil`) ON DELETE RESTRICT ON UPDATE RESTRICT)
[Method: POST, Route: registrar_usuario]
in SYSTEMPATH\Database\BaseConnection.php on line 692.
 1 SYSTEMPATH\Database\BaseBuilder.php(2345): CodeIgniter\Database\BaseConnection->query('INSERT INTO `registrousuario` (`nombre_usuario`, `apellido_usuario`, `dni_usuario`, `telefono_usuario`, `contraseña_usuario`, `estado_usuario`) VALUES (:nombre_usuario:, :apellido_usuario:, :dni_usuario:, :telefono_usuario:, :contraseña_usuario:, :estado_usuario:)', [...], false)
 2 SYSTEMPATH\Model.php(394): CodeIgniter\Database\BaseBuilder->insert()
 3 SYSTEMPATH\BaseModel.php(839): CodeIgniter\Model->doInsert([...])
 4 SYSTEMPATH\Model.php(800): CodeIgniter\BaseModel->insert([...], true)
 5 APPPATH\Controllers\ConsultaController.php(149): CodeIgniter\Model->insert([...])
 6 SYSTEMPATH\CodeIgniter.php(933): App\Controllers\ConsultaController->add_usuario()
 7 SYSTEMPATH\CodeIgniter.php(507): CodeIgniter\CodeIgniter->runController(Object(App\Controllers\ConsultaController))
 8 SYSTEMPATH\CodeIgniter.php(354): CodeIgniter\CodeIgniter->handleRequest(null, Object(Config\Cache), false)
 9 SYSTEMPATH\Boot.php(334): CodeIgniter\CodeIgniter->run()
10 SYSTEMPATH\Boot.php(67): CodeIgniter\Boot::runCodeIgniter(Object(CodeIgniter\CodeIgniter))
11 FCPATH\index.php(56): CodeIgniter\Boot::bootWeb(Object(Config\Paths))
CRITICAL - 2025-05-27 13:56:10 --> [Caused by] CodeIgniter\Database\Exceptions\DatabaseException: Cannot add or update a child row: a foreign key constraint fails (`bd_rodriguezantorenasoto`.`registrousuario`, CONSTRAINT `registrousuario_ibfk_1` FOREIGN KEY (`perfil_id`) REFERENCES `perfiles` (`id_perfil`) ON DELETE RESTRICT ON UPDATE RESTRICT)
in SYSTEMPATH\Database\MySQLi\Connection.php on line 332.
 1 SYSTEMPATH\Database\BaseConnection.php(738): CodeIgniter\Database\MySQLi\Connection->execute('INSERT INTO `registrousuario` (`nombre_usuario`, `apellido_usuario`, `dni_usuario`, `telefono_usuario`, `contraseña_usuario`, `estado_usuario`) VALUES (\'Milo Tahiel\', \'Antorena\', \'41281778\', \'0379154916511\', \'$2y$10$tjGQUwdNwjDGor8k2au5m.alAFq5roL6hpQuOSoM0e5ONHGRDMVga\', 1)')
 2 SYSTEMPATH\Database\BaseConnection.php(652): CodeIgniter\Database\BaseConnection->simpleQuery('INSERT INTO `registrousuario` (`nombre_usuario`, `apellido_usuario`, `dni_usuario`, `telefono_usuario`, `contraseña_usuario`, `estado_usuario`) VALUES (\'Milo Tahiel\', \'Antorena\', \'41281778\', \'0379154916511\', \'$2y$10$tjGQUwdNwjDGor8k2au5m.alAFq5roL6hpQuOSoM0e5ONHGRDMVga\', 1)')
 3 SYSTEMPATH\Database\BaseBuilder.php(2345): CodeIgniter\Database\BaseConnection->query('INSERT INTO `registrousuario` (`nombre_usuario`, `apellido_usuario`, `dni_usuario`, `telefono_usuario`, `contraseña_usuario`, `estado_usuario`) VALUES (:nombre_usuario:, :apellido_usuario:, :dni_usuario:, :telefono_usuario:, :contraseña_usuario:, :estado_usuario:)', [...], false)
 4 SYSTEMPATH\Model.php(394): CodeIgniter\Database\BaseBuilder->insert()
 5 SYSTEMPATH\BaseModel.php(839): CodeIgniter\Model->doInsert([...])
 6 SYSTEMPATH\Model.php(800): CodeIgniter\BaseModel->insert([...], true)
 7 APPPATH\Controllers\ConsultaController.php(149): CodeIgniter\Model->insert([...])
 8 SYSTEMPATH\CodeIgniter.php(933): App\Controllers\ConsultaController->add_usuario()
 9 SYSTEMPATH\CodeIgniter.php(507): CodeIgniter\CodeIgniter->runController(Object(App\Controllers\ConsultaController))
10 SYSTEMPATH\CodeIgniter.php(354): CodeIgniter\CodeIgniter->handleRequest(null, Object(Config\Cache), false)
11 SYSTEMPATH\Boot.php(334): CodeIgniter\CodeIgniter->run()
12 SYSTEMPATH\Boot.php(67): CodeIgniter\Boot::runCodeIgniter(Object(CodeIgniter\CodeIgniter))
13 FCPATH\index.php(56): CodeIgniter\Boot::bootWeb(Object(Config\Paths))
CRITICAL - 2025-05-27 13:56:10 --> [Caused by] mysqli_sql_exception: Cannot add or update a child row: a foreign key constraint fails (`bd_rodriguezantorenasoto`.`registrousuario`, CONSTRAINT `registrousuario_ibfk_1` FOREIGN KEY (`perfil_id`) REFERENCES `perfiles` (`id_perfil`) ON DELETE RESTRICT ON UPDATE RESTRICT)
in SYSTEMPATH\Database\MySQLi\Connection.php on line 327.
 1 SYSTEMPATH\Database\MySQLi\Connection.php(327): mysqli->query('INSERT INTO `registrousuario` (`nombre_usuario`, `apellido_usuario`, `dni_usuario`, `telefono_usuario`, `contraseña_usuario`, `estado_usuario`) VALUES (\'Milo Tahiel\', \'Antorena\', \'41281778\', \'0379154916511\', \'$2y$10$tjGQUwdNwjDGor8k2au5m.alAFq5roL6hpQuOSoM0e5ONHGRDMVga\', 1)', 0)
 2 SYSTEMPATH\Database\BaseConnection.php(738): CodeIgniter\Database\MySQLi\Connection->execute('INSERT INTO `registrousuario` (`nombre_usuario`, `apellido_usuario`, `dni_usuario`, `telefono_usuario`, `contraseña_usuario`, `estado_usuario`) VALUES (\'Milo Tahiel\', \'Antorena\', \'41281778\', \'0379154916511\', \'$2y$10$tjGQUwdNwjDGor8k2au5m.alAFq5roL6hpQuOSoM0e5ONHGRDMVga\', 1)')
 3 SYSTEMPATH\Database\BaseConnection.php(652): CodeIgniter\Database\BaseConnection->simpleQuery('INSERT INTO `registrousuario` (`nombre_usuario`, `apellido_usuario`, `dni_usuario`, `telefono_usuario`, `contraseña_usuario`, `estado_usuario`) VALUES (\'Milo Tahiel\', \'Antorena\', \'41281778\', \'0379154916511\', \'$2y$10$tjGQUwdNwjDGor8k2au5m.alAFq5roL6hpQuOSoM0e5ONHGRDMVga\', 1)')
 4 SYSTEMPATH\Database\BaseBuilder.php(2345): CodeIgniter\Database\BaseConnection->query('INSERT INTO `registrousuario` (`nombre_usuario`, `apellido_usuario`, `dni_usuario`, `telefono_usuario`, `contraseña_usuario`, `estado_usuario`) VALUES (:nombre_usuario:, :apellido_usuario:, :dni_usuario:, :telefono_usuario:, :contraseña_usuario:, :estado_usuario:)', [...], false)
 5 SYSTEMPATH\Model.php(394): CodeIgniter\Database\BaseBuilder->insert()
 6 SYSTEMPATH\BaseModel.php(839): CodeIgniter\Model->doInsert([...])
 7 SYSTEMPATH\Model.php(800): CodeIgniter\BaseModel->insert([...], true)
 8 APPPATH\Controllers\ConsultaController.php(149): CodeIgniter\Model->insert([...])
 9 SYSTEMPATH\CodeIgniter.php(933): App\Controllers\ConsultaController->add_usuario()
10 SYSTEMPATH\CodeIgniter.php(507): CodeIgniter\CodeIgniter->runController(Object(App\Controllers\ConsultaController))
11 SYSTEMPATH\CodeIgniter.php(354): CodeIgniter\CodeIgniter->handleRequest(null, Object(Config\Cache), false)
12 SYSTEMPATH\Boot.php(334): CodeIgniter\CodeIgniter->run()
13 SYSTEMPATH\Boot.php(67): CodeIgniter\Boot::runCodeIgniter(Object(CodeIgniter\CodeIgniter))
14 FCPATH\index.php(56): CodeIgniter\Boot::bootWeb(Object(Config\Paths))
CRITICAL - 2025-05-27 14:01:03 --> ParseError: syntax error, unexpected single-quoted string "perfil_id", expecting "]"
[Method: POST, Route: registrar_usuario]
in APPPATH\Controllers\ConsultaController.php on line 145.
 1 SYSTEMPATH\Autoloader\Autoloader.php(295): CodeIgniter\Autoloader\Autoloader->includeFile('C:\\xampp\\htdocs\\proyecto_RodriguezAntorena_Soto\\app\\Controllers\\ConsultaController.php')
 2 SYSTEMPATH\Autoloader\Autoloader.php(271): CodeIgniter\Autoloader\Autoloader->loadInNamespace('App\\Controllers\\ConsultaController')
 3 [internal function]: CodeIgniter\Autoloader\Autoloader->loadClass('App\\Controllers\\ConsultaController')
 4 SYSTEMPATH\CodeIgniter.php(885): class_exists('\\App\\Controllers\\ConsultaController', true)
 5 SYSTEMPATH\CodeIgniter.php(494): CodeIgniter\CodeIgniter->startController()
 6 SYSTEMPATH\CodeIgniter.php(354): CodeIgniter\CodeIgniter->handleRequest(null, Object(Config\Cache), false)
 7 SYSTEMPATH\Boot.php(334): CodeIgniter\CodeIgniter->run()
 8 SYSTEMPATH\Boot.php(67): CodeIgniter\Boot::runCodeIgniter(Object(CodeIgniter\CodeIgniter))
 9 FCPATH\index.php(56): CodeIgniter\Boot::bootWeb(Object(Config\Paths))
DEBUG - 2025-05-27 14:01:24 --> Session: Class initialized using 'CodeIgniter\Session\Handlers\FileHandler' driver.
DEBUG - 2025-05-27 14:01:24 --> Session: Class initialized using 'CodeIgniter\Session\Handlers\FileHandler' driver.
DEBUG - 2025-05-27 14:29:43 --> Session: Class initialized using 'CodeIgniter\Session\Handlers\FileHandler' driver.
DEBUG - 2025-05-27 14:30:28 --> Session: Class initialized using 'CodeIgniter\Session\Handlers\FileHandler' driver.
ERROR - 2025-05-27 14:30:45 --> mysqli_sql_exception: Duplicate entry '0' for key 'registrousuario.PRIMARY' in C:\xampp\htdocs\proyecto_RodriguezAntorena_Soto\system\Database\MySQLi\Connection.php:327
Stack trace:
#0 C:\xampp\htdocs\proyecto_RodriguezAntorena_Soto\system\Database\MySQLi\Connection.php(327): mysqli->query('INSERT INTO `re...', 0)
#1 C:\xampp\htdocs\proyecto_RodriguezAntorena_Soto\system\Database\BaseConnection.php(738): CodeIgniter\Database\MySQLi\Connection->execute('INSERT INTO `re...')
#2 C:\xampp\htdocs\proyecto_RodriguezAntorena_Soto\system\Database\BaseConnection.php(652): CodeIgniter\Database\BaseConnection->simpleQuery('INSERT INTO `re...')
#3 C:\xampp\htdocs\proyecto_RodriguezAntorena_Soto\system\Database\BaseBuilder.php(2345): CodeIgniter\Database\BaseConnection->query('INSERT INTO `re...', Array, false)
#4 C:\xampp\htdocs\proyecto_RodriguezAntorena_Soto\system\Model.php(394): CodeIgniter\Database\BaseBuilder->insert()
#5 C:\xampp\htdocs\proyecto_RodriguezAntorena_Soto\system\BaseModel.php(839): CodeIgniter\Model->doInsert(Array)
#6 C:\xampp\htdocs\proyecto_RodriguezAntorena_Soto\system\Model.php(800): CodeIgniter\BaseModel->insert(Array, true)
#7 C:\xampp\htdocs\proyecto_RodriguezAntorena_Soto\app\Controllers\ConsultaController.php(150): CodeIgniter\Model->insert(Array)
#8 C:\xampp\htdocs\proyecto_RodriguezAntorena_Soto\system\CodeIgniter.php(933): App\Controllers\ConsultaController->add_usuario()
#9 C:\xampp\htdocs\proyecto_RodriguezAntorena_Soto\system\CodeIgniter.php(507): CodeIgniter\CodeIgniter->runController(Object(App\Controllers\ConsultaController))
#10 C:\xampp\htdocs\proyecto_RodriguezAntorena_Soto\system\CodeIgniter.php(354): CodeIgniter\CodeIgniter->handleRequest(NULL, Object(Config\Cache), false)
#11 C:\xampp\htdocs\proyecto_RodriguezAntorena_Soto\system\Boot.php(334): CodeIgniter\CodeIgniter->run()
#12 C:\xampp\htdocs\proyecto_RodriguezAntorena_Soto\system\Boot.php(67): CodeIgniter\Boot::runCodeIgniter(Object(CodeIgniter\CodeIgniter))
#13 C:\xampp\htdocs\proyecto_RodriguezAntorena_Soto\index.php(56): CodeIgniter\Boot::bootWeb(Object(Config\Paths))
#14 {main}
CRITICAL - 2025-05-27 14:30:45 --> CodeIgniter\Database\Exceptions\DatabaseException: Duplicate entry '0' for key 'registrousuario.PRIMARY'
[Method: POST, Route: registrar_usuario]
in SYSTEMPATH\Database\BaseConnection.php on line 692.
 1 SYSTEMPATH\Database\BaseBuilder.php(2345): CodeIgniter\Database\BaseConnection->query('INSERT INTO `registrousuario` (`nombre_usuario`, `apellido_usuario`, `dni_usuario`, `telefono_usuario`, `contraseña_usuario`, `estado_usuario`, `perfil_id`) VALUES (:nombre_usuario:, :apellido_usuario:, :dni_usuario:, :telefono_usuario:, :contraseña_usuario:, :estado_usuario:, :perfil_id:)', [...], false)
 2 SYSTEMPATH\Model.php(394): CodeIgniter\Database\BaseBuilder->insert()
 3 SYSTEMPATH\BaseModel.php(839): CodeIgniter\Model->doInsert([...])
 4 SYSTEMPATH\Model.php(800): CodeIgniter\BaseModel->insert([...], true)
 5 APPPATH\Controllers\ConsultaController.php(150): CodeIgniter\Model->insert([...])
 6 SYSTEMPATH\CodeIgniter.php(933): App\Controllers\ConsultaController->add_usuario()
 7 SYSTEMPATH\CodeIgniter.php(507): CodeIgniter\CodeIgniter->runController(Object(App\Controllers\ConsultaController))
 8 SYSTEMPATH\CodeIgniter.php(354): CodeIgniter\CodeIgniter->handleRequest(null, Object(Config\Cache), false)
 9 SYSTEMPATH\Boot.php(334): CodeIgniter\CodeIgniter->run()
10 SYSTEMPATH\Boot.php(67): CodeIgniter\Boot::runCodeIgniter(Object(CodeIgniter\CodeIgniter))
11 FCPATH\index.php(56): CodeIgniter\Boot::bootWeb(Object(Config\Paths))
CRITICAL - 2025-05-27 14:30:45 --> [Caused by] CodeIgniter\Database\Exceptions\DatabaseException: Duplicate entry '0' for key 'registrousuario.PRIMARY'
in SYSTEMPATH\Database\MySQLi\Connection.php on line 332.
 1 SYSTEMPATH\Database\BaseConnection.php(738): CodeIgniter\Database\MySQLi\Connection->execute('INSERT INTO `registrousuario` (`nombre_usuario`, `apellido_usuario`, `dni_usuario`, `telefono_usuario`, `contraseña_usuario`, `estado_usuario`, `perfil_id`) VALUES (\'pepe\', \'papo\', \'30000000\', \'3744732232\', \'$2y$10$KqnDntw9gEm/bfBTcxnaBeNa2FP10uVQOqAVLDEPhX8Sslq.tLmCC\', 1, 2)')
 2 SYSTEMPATH\Database\BaseConnection.php(652): CodeIgniter\Database\BaseConnection->simpleQuery('INSERT INTO `registrousuario` (`nombre_usuario`, `apellido_usuario`, `dni_usuario`, `telefono_usuario`, `contraseña_usuario`, `estado_usuario`, `perfil_id`) VALUES (\'pepe\', \'papo\', \'30000000\', \'3744732232\', \'$2y$10$KqnDntw9gEm/bfBTcxnaBeNa2FP10uVQOqAVLDEPhX8Sslq.tLmCC\', 1, 2)')
 3 SYSTEMPATH\Database\BaseBuilder.php(2345): CodeIgniter\Database\BaseConnection->query('INSERT INTO `registrousuario` (`nombre_usuario`, `apellido_usuario`, `dni_usuario`, `telefono_usuario`, `contraseña_usuario`, `estado_usuario`, `perfil_id`) VALUES (:nombre_usuario:, :apellido_usuario:, :dni_usuario:, :telefono_usuario:, :contraseña_usuario:, :estado_usuario:, :perfil_id:)', [...], false)
 4 SYSTEMPATH\Model.php(394): CodeIgniter\Database\BaseBuilder->insert()
 5 SYSTEMPATH\BaseModel.php(839): CodeIgniter\Model->doInsert([...])
 6 SYSTEMPATH\Model.php(800): CodeIgniter\BaseModel->insert([...], true)
 7 APPPATH\Controllers\ConsultaController.php(150): CodeIgniter\Model->insert([...])
 8 SYSTEMPATH\CodeIgniter.php(933): App\Controllers\ConsultaController->add_usuario()
 9 SYSTEMPATH\CodeIgniter.php(507): CodeIgniter\CodeIgniter->runController(Object(App\Controllers\ConsultaController))
10 SYSTEMPATH\CodeIgniter.php(354): CodeIgniter\CodeIgniter->handleRequest(null, Object(Config\Cache), false)
11 SYSTEMPATH\Boot.php(334): CodeIgniter\CodeIgniter->run()
12 SYSTEMPATH\Boot.php(67): CodeIgniter\Boot::runCodeIgniter(Object(CodeIgniter\CodeIgniter))
13 FCPATH\index.php(56): CodeIgniter\Boot::bootWeb(Object(Config\Paths))
CRITICAL - 2025-05-27 14:30:45 --> [Caused by] mysqli_sql_exception: Duplicate entry '0' for key 'registrousuario.PRIMARY'
in SYSTEMPATH\Database\MySQLi\Connection.php on line 327.
 1 SYSTEMPATH\Database\MySQLi\Connection.php(327): mysqli->query('INSERT INTO `registrousuario` (`nombre_usuario`, `apellido_usuario`, `dni_usuario`, `telefono_usuario`, `contraseña_usuario`, `estado_usuario`, `perfil_id`) VALUES (\'pepe\', \'papo\', \'30000000\', \'3744732232\', \'$2y$10$KqnDntw9gEm/bfBTcxnaBeNa2FP10uVQOqAVLDEPhX8Sslq.tLmCC\', 1, 2)', 0)
 2 SYSTEMPATH\Database\BaseConnection.php(738): CodeIgniter\Database\MySQLi\Connection->execute('INSERT INTO `registrousuario` (`nombre_usuario`, `apellido_usuario`, `dni_usuario`, `telefono_usuario`, `contraseña_usuario`, `estado_usuario`, `perfil_id`) VALUES (\'pepe\', \'papo\', \'30000000\', \'3744732232\', \'$2y$10$KqnDntw9gEm/bfBTcxnaBeNa2FP10uVQOqAVLDEPhX8Sslq.tLmCC\', 1, 2)')
 3 SYSTEMPATH\Database\BaseConnection.php(652): CodeIgniter\Database\BaseConnection->simpleQuery('INSERT INTO `registrousuario` (`nombre_usuario`, `apellido_usuario`, `dni_usuario`, `telefono_usuario`, `contraseña_usuario`, `estado_usuario`, `perfil_id`) VALUES (\'pepe\', \'papo\', \'30000000\', \'3744732232\', \'$2y$10$KqnDntw9gEm/bfBTcxnaBeNa2FP10uVQOqAVLDEPhX8Sslq.tLmCC\', 1, 2)')
 4 SYSTEMPATH\Database\BaseBuilder.php(2345): CodeIgniter\Database\BaseConnection->query('INSERT INTO `registrousuario` (`nombre_usuario`, `apellido_usuario`, `dni_usuario`, `telefono_usuario`, `contraseña_usuario`, `estado_usuario`, `perfil_id`) VALUES (:nombre_usuario:, :apellido_usuario:, :dni_usuario:, :telefono_usuario:, :contraseña_usuario:, :estado_usuario:, :perfil_id:)', [...], false)
 5 SYSTEMPATH\Model.php(394): CodeIgniter\Database\BaseBuilder->insert()
 6 SYSTEMPATH\BaseModel.php(839): CodeIgniter\Model->doInsert([...])
 7 SYSTEMPATH\Model.php(800): CodeIgniter\BaseModel->insert([...], true)
 8 APPPATH\Controllers\ConsultaController.php(150): CodeIgniter\Model->insert([...])
 9 SYSTEMPATH\CodeIgniter.php(933): App\Controllers\ConsultaController->add_usuario()
10 SYSTEMPATH\CodeIgniter.php(507): CodeIgniter\CodeIgniter->runController(Object(App\Controllers\ConsultaController))
11 SYSTEMPATH\CodeIgniter.php(354): CodeIgniter\CodeIgniter->handleRequest(null, Object(Config\Cache), false)
12 SYSTEMPATH\Boot.php(334): CodeIgniter\CodeIgniter->run()
13 SYSTEMPATH\Boot.php(67): CodeIgniter\Boot::runCodeIgniter(Object(CodeIgniter\CodeIgniter))
14 FCPATH\index.php(56): CodeIgniter\Boot::bootWeb(Object(Config\Paths))
ERROR - 2025-05-27 14:46:59 --> mysqli_sql_exception: Duplicate entry '' for key 'registrousuario.id_usuario' in C:\xampp\htdocs\proyecto_RodriguezAntorena_Soto\system\Database\MySQLi\Connection.php:327
Stack trace:
#0 C:\xampp\htdocs\proyecto_RodriguezAntorena_Soto\system\Database\MySQLi\Connection.php(327): mysqli->query('INSERT INTO `re...', 0)
#1 C:\xampp\htdocs\proyecto_RodriguezAntorena_Soto\system\Database\BaseConnection.php(738): CodeIgniter\Database\MySQLi\Connection->execute('INSERT INTO `re...')
#2 C:\xampp\htdocs\proyecto_RodriguezAntorena_Soto\system\Database\BaseConnection.php(652): CodeIgniter\Database\BaseConnection->simpleQuery('INSERT INTO `re...')
#3 C:\xampp\htdocs\proyecto_RodriguezAntorena_Soto\system\Database\BaseBuilder.php(2345): CodeIgniter\Database\BaseConnection->query('INSERT INTO `re...', Array, false)
#4 C:\xampp\htdocs\proyecto_RodriguezAntorena_Soto\system\Model.php(394): CodeIgniter\Database\BaseBuilder->insert()
#5 C:\xampp\htdocs\proyecto_RodriguezAntorena_Soto\system\BaseModel.php(839): CodeIgniter\Model->doInsert(Array)
#6 C:\xampp\htdocs\proyecto_RodriguezAntorena_Soto\system\Model.php(800): CodeIgniter\BaseModel->insert(Array, true)
#7 C:\xampp\htdocs\proyecto_RodriguezAntorena_Soto\app\Controllers\ConsultaController.php(150): CodeIgniter\Model->insert(Array)
#8 C:\xampp\htdocs\proyecto_RodriguezAntorena_Soto\system\CodeIgniter.php(933): App\Controllers\ConsultaController->add_usuario()
#9 C:\xampp\htdocs\proyecto_RodriguezAntorena_Soto\system\CodeIgniter.php(507): CodeIgniter\CodeIgniter->runController(Object(App\Controllers\ConsultaController))
#10 C:\xampp\htdocs\proyecto_RodriguezAntorena_Soto\system\CodeIgniter.php(354): CodeIgniter\CodeIgniter->handleRequest(NULL, Object(Config\Cache), false)
#11 C:\xampp\htdocs\proyecto_RodriguezAntorena_Soto\system\Boot.php(334): CodeIgniter\CodeIgniter->run()
#12 C:\xampp\htdocs\proyecto_RodriguezAntorena_Soto\system\Boot.php(67): CodeIgniter\Boot::runCodeIgniter(Object(CodeIgniter\CodeIgniter))
#13 C:\xampp\htdocs\proyecto_RodriguezAntorena_Soto\index.php(56): CodeIgniter\Boot::bootWeb(Object(Config\Paths))
#14 {main}
CRITICAL - 2025-05-27 14:46:59 --> CodeIgniter\Database\Exceptions\DatabaseException: Duplicate entry '' for key 'registrousuario.id_usuario'
[Method: POST, Route: registrar_usuario]
in SYSTEMPATH\Database\BaseConnection.php on line 692.
 1 SYSTEMPATH\Database\BaseBuilder.php(2345): CodeIgniter\Database\BaseConnection->query('INSERT INTO `registrousuario` (`nombre_usuario`, `apellido_usuario`, `dni_usuario`, `telefono_usuario`, `contraseña_usuario`, `estado_usuario`, `perfil_id`) VALUES (:nombre_usuario:, :apellido_usuario:, :dni_usuario:, :telefono_usuario:, :contraseña_usuario:, :estado_usuario:, :perfil_id:)', [...], false)
 2 SYSTEMPATH\Model.php(394): CodeIgniter\Database\BaseBuilder->insert()
 3 SYSTEMPATH\BaseModel.php(839): CodeIgniter\Model->doInsert([...])
 4 SYSTEMPATH\Model.php(800): CodeIgniter\BaseModel->insert([...], true)
 5 APPPATH\Controllers\ConsultaController.php(150): CodeIgniter\Model->insert([...])
 6 SYSTEMPATH\CodeIgniter.php(933): App\Controllers\ConsultaController->add_usuario()
 7 SYSTEMPATH\CodeIgniter.php(507): CodeIgniter\CodeIgniter->runController(Object(App\Controllers\ConsultaController))
 8 SYSTEMPATH\CodeIgniter.php(354): CodeIgniter\CodeIgniter->handleRequest(null, Object(Config\Cache), false)
 9 SYSTEMPATH\Boot.php(334): CodeIgniter\CodeIgniter->run()
10 SYSTEMPATH\Boot.php(67): CodeIgniter\Boot::runCodeIgniter(Object(CodeIgniter\CodeIgniter))
11 FCPATH\index.php(56): CodeIgniter\Boot::bootWeb(Object(Config\Paths))
CRITICAL - 2025-05-27 14:46:59 --> [Caused by] CodeIgniter\Database\Exceptions\DatabaseException: Duplicate entry '' for key 'registrousuario.id_usuario'
in SYSTEMPATH\Database\MySQLi\Connection.php on line 332.
 1 SYSTEMPATH\Database\BaseConnection.php(738): CodeIgniter\Database\MySQLi\Connection->execute('INSERT INTO `registrousuario` (`nombre_usuario`, `apellido_usuario`, `dni_usuario`, `telefono_usuario`, `contraseña_usuario`, `estado_usuario`, `perfil_id`) VALUES (\'pepe\', \'papo\', \'30000000\', \'3744732232\', \'$2y$10$ZabJysoep/ywz4v4QitWKOFfiBRZEoA6EkJaghRMtljsIl3E8Mu7K\', 1, 2)')
 2 SYSTEMPATH\Database\BaseConnection.php(652): CodeIgniter\Database\BaseConnection->simpleQuery('INSERT INTO `registrousuario` (`nombre_usuario`, `apellido_usuario`, `dni_usuario`, `telefono_usuario`, `contraseña_usuario`, `estado_usuario`, `perfil_id`) VALUES (\'pepe\', \'papo\', \'30000000\', \'3744732232\', \'$2y$10$ZabJysoep/ywz4v4QitWKOFfiBRZEoA6EkJaghRMtljsIl3E8Mu7K\', 1, 2)')
 3 SYSTEMPATH\Database\BaseBuilder.php(2345): CodeIgniter\Database\BaseConnection->query('INSERT INTO `registrousuario` (`nombre_usuario`, `apellido_usuario`, `dni_usuario`, `telefono_usuario`, `contraseña_usuario`, `estado_usuario`, `perfil_id`) VALUES (:nombre_usuario:, :apellido_usuario:, :dni_usuario:, :telefono_usuario:, :contraseña_usuario:, :estado_usuario:, :perfil_id:)', [...], false)
 4 SYSTEMPATH\Model.php(394): CodeIgniter\Database\BaseBuilder->insert()
 5 SYSTEMPATH\BaseModel.php(839): CodeIgniter\Model->doInsert([...])
 6 SYSTEMPATH\Model.php(800): CodeIgniter\BaseModel->insert([...], true)
 7 APPPATH\Controllers\ConsultaController.php(150): CodeIgniter\Model->insert([...])
 8 SYSTEMPATH\CodeIgniter.php(933): App\Controllers\ConsultaController->add_usuario()
 9 SYSTEMPATH\CodeIgniter.php(507): CodeIgniter\CodeIgniter->runController(Object(App\Controllers\ConsultaController))
10 SYSTEMPATH\CodeIgniter.php(354): CodeIgniter\CodeIgniter->handleRequest(null, Object(Config\Cache), false)
11 SYSTEMPATH\Boot.php(334): CodeIgniter\CodeIgniter->run()
12 SYSTEMPATH\Boot.php(67): CodeIgniter\Boot::runCodeIgniter(Object(CodeIgniter\CodeIgniter))
13 FCPATH\index.php(56): CodeIgniter\Boot::bootWeb(Object(Config\Paths))
CRITICAL - 2025-05-27 14:46:59 --> [Caused by] mysqli_sql_exception: Duplicate entry '' for key 'registrousuario.id_usuario'
in SYSTEMPATH\Database\MySQLi\Connection.php on line 327.
 1 SYSTEMPATH\Database\MySQLi\Connection.php(327): mysqli->query('INSERT INTO `registrousuario` (`nombre_usuario`, `apellido_usuario`, `dni_usuario`, `telefono_usuario`, `contraseña_usuario`, `estado_usuario`, `perfil_id`) VALUES (\'pepe\', \'papo\', \'30000000\', \'3744732232\', \'$2y$10$ZabJysoep/ywz4v4QitWKOFfiBRZEoA6EkJaghRMtljsIl3E8Mu7K\', 1, 2)', 0)
 2 SYSTEMPATH\Database\BaseConnection.php(738): CodeIgniter\Database\MySQLi\Connection->execute('INSERT INTO `registrousuario` (`nombre_usuario`, `apellido_usuario`, `dni_usuario`, `telefono_usuario`, `contraseña_usuario`, `estado_usuario`, `perfil_id`) VALUES (\'pepe\', \'papo\', \'30000000\', \'3744732232\', \'$2y$10$ZabJysoep/ywz4v4QitWKOFfiBRZEoA6EkJaghRMtljsIl3E8Mu7K\', 1, 2)')
 3 SYSTEMPATH\Database\BaseConnection.php(652): CodeIgniter\Database\BaseConnection->simpleQuery('INSERT INTO `registrousuario` (`nombre_usuario`, `apellido_usuario`, `dni_usuario`, `telefono_usuario`, `contraseña_usuario`, `estado_usuario`, `perfil_id`) VALUES (\'pepe\', \'papo\', \'30000000\', \'3744732232\', \'$2y$10$ZabJysoep/ywz4v4QitWKOFfiBRZEoA6EkJaghRMtljsIl3E8Mu7K\', 1, 2)')
 4 SYSTEMPATH\Database\BaseBuilder.php(2345): CodeIgniter\Database\BaseConnection->query('INSERT INTO `registrousuario` (`nombre_usuario`, `apellido_usuario`, `dni_usuario`, `telefono_usuario`, `contraseña_usuario`, `estado_usuario`, `perfil_id`) VALUES (:nombre_usuario:, :apellido_usuario:, :dni_usuario:, :telefono_usuario:, :contraseña_usuario:, :estado_usuario:, :perfil_id:)', [...], false)
 5 SYSTEMPATH\Model.php(394): CodeIgniter\Database\BaseBuilder->insert()
 6 SYSTEMPATH\BaseModel.php(839): CodeIgniter\Model->doInsert([...])
 7 SYSTEMPATH\Model.php(800): CodeIgniter\BaseModel->insert([...], true)
 8 APPPATH\Controllers\ConsultaController.php(150): CodeIgniter\Model->insert([...])
 9 SYSTEMPATH\CodeIgniter.php(933): App\Controllers\ConsultaController->add_usuario()
10 SYSTEMPATH\CodeIgniter.php(507): CodeIgniter\CodeIgniter->runController(Object(App\Controllers\ConsultaController))
11 SYSTEMPATH\CodeIgniter.php(354): CodeIgniter\CodeIgniter->handleRequest(null, Object(Config\Cache), false)
12 SYSTEMPATH\Boot.php(334): CodeIgniter\CodeIgniter->run()
13 SYSTEMPATH\Boot.php(67): CodeIgniter\Boot::runCodeIgniter(Object(CodeIgniter\CodeIgniter))
14 FCPATH\index.php(56): CodeIgniter\Boot::bootWeb(Object(Config\Paths))
DEBUG - 2025-05-27 14:47:08 --> Session: Class initialized using 'CodeIgniter\Session\Handlers\FileHandler' driver.
DEBUG - 2025-05-27 14:47:42 --> Session: Class initialized using 'CodeIgniter\Session\Handlers\FileHandler' driver.
DEBUG - 2025-05-27 14:47:51 --> Session: Class initialized using 'CodeIgniter\Session\Handlers\FileHandler' driver.
DEBUG - 2025-05-27 14:48:49 --> Session: Class initialized using 'CodeIgniter\Session\Handlers\FileHandler' driver.
DEBUG - 2025-05-27 14:48:49 --> Session: Class initialized using 'CodeIgniter\Session\Handlers\FileHandler' driver.
DEBUG - 2025-05-27 15:00:05 --> Session: Class initialized using 'CodeIgniter\Session\Handlers\FileHandler' driver.
DEBUG - 2025-05-27 15:00:05 --> Session: Class initialized using 'CodeIgniter\Session\Handlers\FileHandler' driver.
